{"/home/moises/repos/legacy.css/src/legacy.js": {"path":"/home/moises/repos/legacy.css/src/legacy.js","statementMap":{"0":{"start":{"line":1,"column":0},"end":{"line":2066,"column":null}},"1":{"start":{"line":2,"column":15},"end":{"line":2,"column":21}},"2":{"start":{"line":3,"column":17},"end":{"line":3,"column":56}},"3":{"start":{"line":4,"column":22},"end":{"line":4,"column":24}},"4":{"start":{"line":5,"column":20},"end":{"line":5,"column":33}},"5":{"start":{"line":6,"column":26},"end":{"line":6,"column":39}},"6":{"start":{"line":7,"column":23},"end":{"line":7,"column":36}},"7":{"start":{"line":8,"column":20},"end":{"line":8,"column":33}},"8":{"start":{"line":9,"column":31},"end":{"line":9,"column":44}},"9":{"start":{"line":10,"column":30},"end":{"line":10,"column":43}},"10":{"start":{"line":11,"column":28},"end":{"line":11,"column":41}},"11":{"start":{"line":12,"column":27},"end":{"line":12,"column":40}},"12":{"start":{"line":13,"column":25},"end":{"line":13,"column":38}},"13":{"start":{"line":14,"column":26},"end":{"line":14,"column":39}},"14":{"start":{"line":15,"column":28},"end":{"line":15,"column":41}},"15":{"start":{"line":16,"column":26},"end":{"line":16,"column":39}},"16":{"start":{"line":17,"column":22},"end":{"line":17,"column":35}},"17":{"start":{"line":18,"column":31},"end":{"line":18,"column":81}},"18":{"start":{"line":18,"column":43},"end":{"line":18,"column":81}},"19":{"start":{"line":19,"column":32},"end":{"line":19,"column":60}},"20":{"start":{"line":20,"column":33},"end":{"line":20,"column":75}},"21":{"start":{"line":21,"column":31},"end":{"line":21,"column":69}},"22":{"start":{"line":22,"column":30},"end":{"line":22,"column":103}},"23":{"start":{"line":23,"column":29},"end":{"line":23,"column":61}},"24":{"start":{"line":24,"column":33},"end":{"line":24,"column":72}},"25":{"start":{"line":26,"column":24},"end":{"line":26,"column":25}},"26":{"start":{"line":27,"column":29},"end":{"line":27,"column":31}},"27":{"start":{"line":28,"column":29},"end":{"line":28,"column":31}},"28":{"start":{"line":29,"column":22},"end":{"line":29,"column":26}},"29":{"start":{"line":30,"column":22},"end":{"line":30,"column":23}},"30":{"start":{"line":31,"column":27},"end":{"line":31,"column":31}},"31":{"start":{"line":33,"column":28},"end":{"line":40,"column":14}},"32":{"start":{"line":43,"column":4},"end":{"line":45,"column":null}},"33":{"start":{"line":44,"column":6},"end":{"line":44,"column":null}},"34":{"start":{"line":47,"column":4},"end":{"line":49,"column":null}},"35":{"start":{"line":48,"column":6},"end":{"line":48,"column":null}},"36":{"start":{"line":51,"column":4},"end":{"line":53,"column":null}},"37":{"start":{"line":52,"column":6},"end":{"line":52,"column":null}},"38":{"start":{"line":55,"column":4},"end":{"line":57,"column":null}},"39":{"start":{"line":56,"column":6},"end":{"line":56,"column":null}},"40":{"start":{"line":59,"column":4},"end":{"line":61,"column":null}},"41":{"start":{"line":60,"column":6},"end":{"line":60,"column":null}},"42":{"start":{"line":63,"column":4},"end":{"line":63,"column":null}},"43":{"start":{"line":67,"column":4},"end":{"line":67,"column":null}},"44":{"start":{"line":71,"column":24},"end":{"line":71,"column":51}},"45":{"start":{"line":73,"column":4},"end":{"line":80,"column":null}},"46":{"start":{"line":74,"column":6},"end":{"line":78,"column":null}},"47":{"start":{"line":75,"column":8},"end":{"line":75,"column":null}},"48":{"start":{"line":77,"column":8},"end":{"line":77,"column":null}},"49":{"start":{"line":79,"column":6},"end":{"line":79,"column":null}},"50":{"start":{"line":82,"column":4},"end":{"line":84,"column":null}},"51":{"start":{"line":83,"column":6},"end":{"line":83,"column":null}},"52":{"start":{"line":86,"column":4},"end":{"line":90,"column":null}},"53":{"start":{"line":87,"column":6},"end":{"line":87,"column":null}},"54":{"start":{"line":89,"column":6},"end":{"line":89,"column":null}},"55":{"start":{"line":94,"column":4},"end":{"line":97,"column":null}},"56":{"start":{"line":95,"column":6},"end":{"line":95,"column":null}},"57":{"start":{"line":96,"column":6},"end":{"line":96,"column":null}},"58":{"start":{"line":99,"column":4},"end":{"line":99,"column":null}},"59":{"start":{"line":100,"column":4},"end":{"line":100,"column":null}},"60":{"start":{"line":101,"column":4},"end":{"line":101,"column":null}},"61":{"start":{"line":102,"column":4},"end":{"line":102,"column":null}},"62":{"start":{"line":103,"column":4},"end":{"line":103,"column":null}},"63":{"start":{"line":107,"column":4},"end":{"line":109,"column":null}},"64":{"start":{"line":108,"column":6},"end":{"line":108,"column":null}},"65":{"start":{"line":111,"column":4},"end":{"line":111,"column":null}},"66":{"start":{"line":113,"column":4},"end":{"line":115,"column":null}},"67":{"start":{"line":114,"column":6},"end":{"line":114,"column":null}},"68":{"start":{"line":117,"column":4},"end":{"line":117,"column":null}},"69":{"start":{"line":118,"column":4},"end":{"line":118,"column":null}},"70":{"start":{"line":122,"column":18},"end":{"line":122,"column":45}},"71":{"start":{"line":124,"column":4},"end":{"line":126,"column":null}},"72":{"start":{"line":125,"column":6},"end":{"line":125,"column":null}},"73":{"start":{"line":130,"column":19},"end":{"line":130,"column":40}},"74":{"start":{"line":132,"column":4},"end":{"line":138,"column":null}},"75":{"start":{"line":133,"column":6},"end":{"line":137,"column":null}},"76":{"start":{"line":134,"column":8},"end":{"line":134,"column":null}},"77":{"start":{"line":136,"column":8},"end":{"line":136,"column":null}},"78":{"start":{"line":140,"column":4},"end":{"line":140,"column":null}},"79":{"start":{"line":144,"column":19},"end":{"line":144,"column":38}},"80":{"start":{"line":146,"column":4},"end":{"line":146,"column":null}},"81":{"start":{"line":147,"column":4},"end":{"line":147,"column":null}},"82":{"start":{"line":148,"column":4},"end":{"line":148,"column":null}},"83":{"start":{"line":150,"column":4},"end":{"line":157,"column":null}},"84":{"start":{"line":151,"column":6},"end":{"line":151,"column":null}},"85":{"start":{"line":152,"column":6},"end":{"line":152,"column":null}},"86":{"start":{"line":154,"column":6},"end":{"line":156,"column":null}},"87":{"start":{"line":155,"column":8},"end":{"line":155,"column":null}},"88":{"start":{"line":161,"column":4},"end":{"line":163,"column":null}},"89":{"start":{"line":162,"column":6},"end":{"line":162,"column":null}},"90":{"start":{"line":165,"column":4},"end":{"line":167,"column":null}},"91":{"start":{"line":166,"column":6},"end":{"line":166,"column":null}},"92":{"start":{"line":169,"column":4},"end":{"line":174,"column":null}},"93":{"start":{"line":170,"column":6},"end":{"line":170,"column":null}},"94":{"start":{"line":172,"column":6},"end":{"line":172,"column":null}},"95":{"start":{"line":173,"column":6},"end":{"line":173,"column":null}},"96":{"start":{"line":176,"column":4},"end":{"line":176,"column":null}},"97":{"start":{"line":180,"column":19},"end":{"line":180,"column":38}},"98":{"start":{"line":181,"column":19},"end":{"line":181,"column":31}},"99":{"start":{"line":183,"column":4},"end":{"line":186,"column":null}},"100":{"start":{"line":184,"column":6},"end":{"line":184,"column":null}},"101":{"start":{"line":185,"column":6},"end":{"line":185,"column":null}},"102":{"start":{"line":188,"column":4},"end":{"line":190,"column":null}},"103":{"start":{"line":189,"column":6},"end":{"line":189,"column":null}},"104":{"start":{"line":194,"column":4},"end":{"line":196,"column":null}},"105":{"start":{"line":195,"column":6},"end":{"line":195,"column":null}},"106":{"start":{"line":198,"column":19},"end":{"line":198,"column":54}},"107":{"start":{"line":200,"column":4},"end":{"line":202,"column":null}},"108":{"start":{"line":201,"column":6},"end":{"line":201,"column":null}},"109":{"start":{"line":204,"column":4},"end":{"line":204,"column":null}},"110":{"start":{"line":205,"column":4},"end":{"line":205,"column":null}},"111":{"start":{"line":209,"column":4},"end":{"line":211,"column":null}},"112":{"start":{"line":210,"column":6},"end":{"line":210,"column":null}},"113":{"start":{"line":213,"column":4},"end":{"line":213,"column":null}},"114":{"start":{"line":214,"column":4},"end":{"line":214,"column":null}},"115":{"start":{"line":215,"column":4},"end":{"line":215,"column":null}},"116":{"start":{"line":219,"column":4},"end":{"line":221,"column":null}},"117":{"start":{"line":220,"column":6},"end":{"line":220,"column":null}},"118":{"start":{"line":223,"column":4},"end":{"line":223,"column":null}},"119":{"start":{"line":225,"column":4},"end":{"line":227,"column":null}},"120":{"start":{"line":226,"column":6},"end":{"line":226,"column":null}},"121":{"start":{"line":229,"column":4},"end":{"line":229,"column":null}},"122":{"start":{"line":230,"column":4},"end":{"line":230,"column":null}},"123":{"start":{"line":232,"column":4},"end":{"line":242,"column":null}},"124":{"start":{"line":233,"column":6},"end":{"line":237,"column":null}},"125":{"start":{"line":234,"column":8},"end":{"line":234,"column":null}},"126":{"start":{"line":236,"column":8},"end":{"line":236,"column":null}},"127":{"start":{"line":239,"column":6},"end":{"line":239,"column":null}},"128":{"start":{"line":240,"column":6},"end":{"line":240,"column":null}},"129":{"start":{"line":241,"column":6},"end":{"line":241,"column":null}},"130":{"start":{"line":244,"column":4},"end":{"line":246,"column":null}},"131":{"start":{"line":245,"column":6},"end":{"line":245,"column":null}},"132":{"start":{"line":248,"column":4},"end":{"line":248,"column":null}},"133":{"start":{"line":250,"column":4},"end":{"line":252,"column":null}},"134":{"start":{"line":251,"column":6},"end":{"line":251,"column":null}},"135":{"start":{"line":254,"column":4},"end":{"line":254,"column":null}},"136":{"start":{"line":258,"column":4},"end":{"line":260,"column":null}},"137":{"start":{"line":259,"column":6},"end":{"line":259,"column":null}},"138":{"start":{"line":262,"column":4},"end":{"line":262,"column":null}},"139":{"start":{"line":265,"column":2},"end":{"line":275,"column":null}},"140":{"start":{"line":267,"column":6},"end":{"line":267,"column":null}},"141":{"start":{"line":270,"column":6},"end":{"line":270,"column":null}},"142":{"start":{"line":273,"column":6},"end":{"line":273,"column":null}},"143":{"start":{"line":278,"column":4},"end":{"line":280,"column":null}},"144":{"start":{"line":279,"column":6},"end":{"line":279,"column":null}},"145":{"start":{"line":282,"column":4},"end":{"line":284,"column":null}},"146":{"start":{"line":283,"column":6},"end":{"line":283,"column":null}},"147":{"start":{"line":286,"column":4},"end":{"line":288,"column":null}},"148":{"start":{"line":287,"column":6},"end":{"line":287,"column":null}},"149":{"start":{"line":290,"column":4},"end":{"line":292,"column":null}},"150":{"start":{"line":291,"column":6},"end":{"line":291,"column":null}},"151":{"start":{"line":294,"column":4},"end":{"line":294,"column":null}},"152":{"start":{"line":298,"column":4},"end":{"line":302,"column":null}},"153":{"start":{"line":306,"column":31},"end":{"line":306,"column":63}},"154":{"start":{"line":307,"column":17},"end":{"line":313,"column":5}},"155":{"start":{"line":315,"column":4},"end":{"line":317,"column":null}},"156":{"start":{"line":316,"column":6},"end":{"line":316,"column":null}},"157":{"start":{"line":319,"column":4},"end":{"line":319,"column":null}},"158":{"start":{"line":320,"column":4},"end":{"line":320,"column":null}},"159":{"start":{"line":321,"column":4},"end":{"line":321,"column":null}},"160":{"start":{"line":322,"column":4},"end":{"line":322,"column":null}},"161":{"start":{"line":323,"column":4},"end":{"line":323,"column":null}},"162":{"start":{"line":324,"column":4},"end":{"line":324,"column":null}},"163":{"start":{"line":325,"column":4},"end":{"line":325,"column":null}},"164":{"start":{"line":327,"column":4},"end":{"line":327,"column":null}},"165":{"start":{"line":331,"column":4},"end":{"line":333,"column":null}},"166":{"start":{"line":332,"column":6},"end":{"line":332,"column":null}},"167":{"start":{"line":335,"column":4},"end":{"line":337,"column":null}},"168":{"start":{"line":341,"column":4},"end":{"line":343,"column":null}},"169":{"start":{"line":342,"column":6},"end":{"line":342,"column":null}},"170":{"start":{"line":345,"column":4},"end":{"line":347,"column":null}},"171":{"start":{"line":346,"column":6},"end":{"line":346,"column":null}},"172":{"start":{"line":349,"column":4},"end":{"line":351,"column":null}},"173":{"start":{"line":350,"column":6},"end":{"line":350,"column":null}},"174":{"start":{"line":353,"column":4},"end":{"line":355,"column":null}},"175":{"start":{"line":354,"column":6},"end":{"line":354,"column":null}},"176":{"start":{"line":357,"column":4},"end":{"line":357,"column":null}},"177":{"start":{"line":361,"column":17},"end":{"line":361,"column":46}},"178":{"start":{"line":362,"column":4},"end":{"line":362,"column":null}},"179":{"start":{"line":364,"column":4},"end":{"line":369,"column":null}},"180":{"start":{"line":365,"column":20},"end":{"line":365,"column":52}},"181":{"start":{"line":366,"column":6},"end":{"line":366,"column":null}},"182":{"start":{"line":367,"column":6},"end":{"line":367,"column":null}},"183":{"start":{"line":368,"column":6},"end":{"line":368,"column":null}},"184":{"start":{"line":371,"column":4},"end":{"line":377,"column":null}},"185":{"start":{"line":372,"column":6},"end":{"line":372,"column":null}},"186":{"start":{"line":374,"column":22},"end":{"line":374,"column":52}},"187":{"start":{"line":375,"column":6},"end":{"line":375,"column":null}},"188":{"start":{"line":376,"column":6},"end":{"line":376,"column":null}},"189":{"start":{"line":379,"column":4},"end":{"line":379,"column":null}},"190":{"start":{"line":383,"column":4},"end":{"line":385,"column":null}},"191":{"start":{"line":384,"column":6},"end":{"line":384,"column":null}},"192":{"start":{"line":387,"column":18},"end":{"line":387,"column":40}},"193":{"start":{"line":389,"column":4},"end":{"line":392,"column":null}},"194":{"start":{"line":390,"column":6},"end":{"line":390,"column":null}},"195":{"start":{"line":391,"column":6},"end":{"line":391,"column":null}},"196":{"start":{"line":394,"column":4},"end":{"line":394,"column":null}},"197":{"start":{"line":395,"column":4},"end":{"line":395,"column":null}},"198":{"start":{"line":397,"column":4},"end":{"line":397,"column":null}},"199":{"start":{"line":401,"column":24},"end":{"line":401,"column":63}},"200":{"start":{"line":402,"column":17},"end":{"line":406,"column":14}},"201":{"start":{"line":407,"column":19},"end":{"line":409,"column":44}},"202":{"start":{"line":410,"column":18},"end":{"line":410,"column":51}},"203":{"start":{"line":412,"column":6},"end":{"line":412,"column":76}},"204":{"start":{"line":414,"column":4},"end":{"line":416,"column":null}},"205":{"start":{"line":415,"column":6},"end":{"line":415,"column":null}},"206":{"start":{"line":418,"column":4},"end":{"line":418,"column":null}},"207":{"start":{"line":419,"column":4},"end":{"line":419,"column":null}},"208":{"start":{"line":420,"column":4},"end":{"line":420,"column":null}},"209":{"start":{"line":422,"column":4},"end":{"line":424,"column":null}},"210":{"start":{"line":423,"column":6},"end":{"line":423,"column":null}},"211":{"start":{"line":426,"column":4},"end":{"line":426,"column":null}},"212":{"start":{"line":428,"column":4},"end":{"line":441,"column":null}},"213":{"start":{"line":429,"column":26},"end":{"line":429,"column":58}},"214":{"start":{"line":430,"column":6},"end":{"line":430,"column":null}},"215":{"start":{"line":431,"column":6},"end":{"line":431,"column":null}},"216":{"start":{"line":432,"column":6},"end":{"line":435,"column":null}},"217":{"start":{"line":436,"column":6},"end":{"line":436,"column":null}},"218":{"start":{"line":437,"column":6},"end":{"line":439,"column":null}},"219":{"start":{"line":438,"column":8},"end":{"line":438,"column":null}},"220":{"start":{"line":440,"column":6},"end":{"line":440,"column":null}},"221":{"start":{"line":443,"column":4},"end":{"line":443,"column":null}},"222":{"start":{"line":444,"column":4},"end":{"line":444,"column":null}},"223":{"start":{"line":446,"column":4},"end":{"line":453,"column":null}},"224":{"start":{"line":447,"column":6},"end":{"line":452,"column":null}},"225":{"start":{"line":450,"column":10},"end":{"line":450,"column":null}},"226":{"start":{"line":455,"column":4},"end":{"line":455,"column":null}},"227":{"start":{"line":459,"column":24},"end":{"line":461,"column":16}},"228":{"start":{"line":462,"column":19},"end":{"line":464,"column":10}},"229":{"start":{"line":466,"column":4},"end":{"line":466,"column":null}},"230":{"start":{"line":468,"column":4},"end":{"line":468,"column":null}},"231":{"start":{"line":471,"column":2},"end":{"line":481,"column":null}},"232":{"start":{"line":473,"column":6},"end":{"line":473,"column":null}},"233":{"start":{"line":476,"column":6},"end":{"line":476,"column":null}},"234":{"start":{"line":479,"column":6},"end":{"line":479,"column":null}},"235":{"start":{"line":484,"column":4},"end":{"line":486,"column":null}},"236":{"start":{"line":485,"column":6},"end":{"line":485,"column":null}},"237":{"start":{"line":488,"column":4},"end":{"line":490,"column":null}},"238":{"start":{"line":489,"column":6},"end":{"line":489,"column":null}},"239":{"start":{"line":492,"column":4},"end":{"line":494,"column":null}},"240":{"start":{"line":493,"column":6},"end":{"line":493,"column":null}},"241":{"start":{"line":496,"column":4},"end":{"line":496,"column":null}},"242":{"start":{"line":500,"column":20},"end":{"line":500,"column":42}},"243":{"start":{"line":502,"column":4},"end":{"line":504,"column":null}},"244":{"start":{"line":503,"column":6},"end":{"line":503,"column":null}},"245":{"start":{"line":506,"column":4},"end":{"line":508,"column":null}},"246":{"start":{"line":507,"column":6},"end":{"line":507,"column":null}},"247":{"start":{"line":510,"column":4},"end":{"line":510,"column":null}},"248":{"start":{"line":514,"column":20},"end":{"line":514,"column":42}},"249":{"start":{"line":516,"column":4},"end":{"line":518,"column":null}},"250":{"start":{"line":517,"column":6},"end":{"line":517,"column":null}},"251":{"start":{"line":520,"column":4},"end":{"line":522,"column":null}},"252":{"start":{"line":521,"column":6},"end":{"line":521,"column":null}},"253":{"start":{"line":524,"column":20},"end":{"line":524,"column":50}},"254":{"start":{"line":526,"column":4},"end":{"line":526,"column":null}},"255":{"start":{"line":531,"column":6},"end":{"line":533,"column":43}},"256":{"start":{"line":535,"column":4},"end":{"line":537,"column":null}},"257":{"start":{"line":536,"column":6},"end":{"line":536,"column":null}},"258":{"start":{"line":539,"column":4},"end":{"line":541,"column":null}},"259":{"start":{"line":540,"column":6},"end":{"line":540,"column":null}},"260":{"start":{"line":543,"column":4},"end":{"line":543,"column":null}},"261":{"start":{"line":547,"column":22},"end":{"line":547,"column":68}},"262":{"start":{"line":549,"column":4},"end":{"line":551,"column":null}},"263":{"start":{"line":555,"column":16},"end":{"line":555,"column":17}},"264":{"start":{"line":556,"column":19},"end":{"line":556,"column":20}},"265":{"start":{"line":557,"column":22},"end":{"line":557,"column":50}},"266":{"start":{"line":558,"column":24},"end":{"line":558,"column":55}},"267":{"start":{"line":559,"column":24},"end":{"line":559,"column":55}},"268":{"start":{"line":560,"column":14},"end":{"line":560,"column":38}},"269":{"start":{"line":561,"column":15},"end":{"line":561,"column":31}},"270":{"start":{"line":563,"column":4},"end":{"line":572,"column":null}},"271":{"start":{"line":564,"column":6},"end":{"line":564,"column":null}},"272":{"start":{"line":565,"column":6},"end":{"line":565,"column":null}},"273":{"start":{"line":566,"column":11},"end":{"line":572,"column":null}},"274":{"start":{"line":567,"column":6},"end":{"line":567,"column":null}},"275":{"start":{"line":568,"column":6},"end":{"line":568,"column":null}},"276":{"start":{"line":569,"column":11},"end":{"line":572,"column":null}},"277":{"start":{"line":570,"column":6},"end":{"line":570,"column":null}},"278":{"start":{"line":571,"column":6},"end":{"line":571,"column":null}},"279":{"start":{"line":574,"column":4},"end":{"line":577,"column":null}},"280":{"start":{"line":578,"column":4},"end":{"line":581,"column":null}},"281":{"start":{"line":583,"column":4},"end":{"line":583,"column":null}},"282":{"start":{"line":584,"column":4},"end":{"line":584,"column":null}},"283":{"start":{"line":588,"column":27},"end":{"line":588,"column":56}},"284":{"start":{"line":589,"column":20},"end":{"line":589,"column":77}},"285":{"start":{"line":591,"column":4},"end":{"line":593,"column":null}},"286":{"start":{"line":592,"column":6},"end":{"line":592,"column":null}},"287":{"start":{"line":595,"column":4},"end":{"line":595,"column":null}},"288":{"start":{"line":596,"column":4},"end":{"line":596,"column":null}},"289":{"start":{"line":598,"column":4},"end":{"line":600,"column":null}},"290":{"start":{"line":599,"column":6},"end":{"line":599,"column":null}},"291":{"start":{"line":602,"column":4},"end":{"line":602,"column":null}},"292":{"start":{"line":606,"column":20},"end":{"line":606,"column":63}},"293":{"start":{"line":608,"column":4},"end":{"line":610,"column":null}},"294":{"start":{"line":609,"column":6},"end":{"line":609,"column":null}},"295":{"start":{"line":612,"column":4},"end":{"line":614,"column":null}},"296":{"start":{"line":613,"column":6},"end":{"line":613,"column":null}},"297":{"start":{"line":616,"column":4},"end":{"line":616,"column":null}},"298":{"start":{"line":617,"column":4},"end":{"line":617,"column":null}},"299":{"start":{"line":618,"column":4},"end":{"line":618,"column":null}},"300":{"start":{"line":619,"column":4},"end":{"line":619,"column":null}},"301":{"start":{"line":620,"column":4},"end":{"line":620,"column":null}},"302":{"start":{"line":622,"column":4},"end":{"line":622,"column":null}},"303":{"start":{"line":626,"column":20},"end":{"line":626,"column":63}},"304":{"start":{"line":628,"column":4},"end":{"line":630,"column":null}},"305":{"start":{"line":629,"column":6},"end":{"line":629,"column":null}},"306":{"start":{"line":632,"column":4},"end":{"line":632,"column":null}},"307":{"start":{"line":636,"column":4},"end":{"line":636,"column":null}},"308":{"start":{"line":637,"column":4},"end":{"line":637,"column":null}},"309":{"start":{"line":641,"column":4},"end":{"line":643,"column":null}},"310":{"start":{"line":642,"column":6},"end":{"line":642,"column":null}},"311":{"start":{"line":645,"column":20},"end":{"line":645,"column":39}},"312":{"start":{"line":646,"column":20},"end":{"line":646,"column":46}},"313":{"start":{"line":648,"column":4},"end":{"line":650,"column":null}},"314":{"start":{"line":649,"column":6},"end":{"line":649,"column":null}},"315":{"start":{"line":652,"column":4},"end":{"line":652,"column":null}},"316":{"start":{"line":653,"column":4},"end":{"line":653,"column":null}},"317":{"start":{"line":654,"column":4},"end":{"line":654,"column":null}},"318":{"start":{"line":658,"column":4},"end":{"line":660,"column":null}},"319":{"start":{"line":659,"column":6},"end":{"line":659,"column":null}},"320":{"start":{"line":662,"column":20},"end":{"line":662,"column":57}},"321":{"start":{"line":664,"column":4},"end":{"line":669,"column":null}},"322":{"start":{"line":668,"column":6},"end":{"line":668,"column":null}},"323":{"start":{"line":671,"column":4},"end":{"line":671,"column":null}},"324":{"start":{"line":675,"column":4},"end":{"line":677,"column":null}},"325":{"start":{"line":676,"column":6},"end":{"line":676,"column":null}},"326":{"start":{"line":679,"column":4},"end":{"line":679,"column":null}},"327":{"start":{"line":680,"column":4},"end":{"line":680,"column":null}},"328":{"start":{"line":684,"column":4},"end":{"line":686,"column":null}},"329":{"start":{"line":685,"column":6},"end":{"line":685,"column":null}},"330":{"start":{"line":688,"column":20},"end":{"line":688,"column":57}},"331":{"start":{"line":690,"column":4},"end":{"line":692,"column":null}},"332":{"start":{"line":691,"column":6},"end":{"line":691,"column":null}},"333":{"start":{"line":696,"column":20},"end":{"line":696,"column":46}},"334":{"start":{"line":698,"column":4},"end":{"line":700,"column":null}},"335":{"start":{"line":699,"column":6},"end":{"line":699,"column":null}},"336":{"start":{"line":702,"column":4},"end":{"line":704,"column":null}},"337":{"start":{"line":703,"column":6},"end":{"line":703,"column":null}},"338":{"start":{"line":706,"column":4},"end":{"line":706,"column":null}},"339":{"start":{"line":707,"column":4},"end":{"line":707,"column":null}},"340":{"start":{"line":709,"column":4},"end":{"line":711,"column":null}},"341":{"start":{"line":710,"column":6},"end":{"line":710,"column":null}},"342":{"start":{"line":713,"column":4},"end":{"line":715,"column":null}},"343":{"start":{"line":714,"column":6},"end":{"line":714,"column":null}},"344":{"start":{"line":717,"column":4},"end":{"line":721,"column":null}},"345":{"start":{"line":718,"column":6},"end":{"line":718,"column":null}},"346":{"start":{"line":719,"column":6},"end":{"line":719,"column":null}},"347":{"start":{"line":720,"column":6},"end":{"line":720,"column":null}},"348":{"start":{"line":723,"column":4},"end":{"line":723,"column":null}},"349":{"start":{"line":727,"column":20},"end":{"line":727,"column":49}},"350":{"start":{"line":729,"column":4},"end":{"line":729,"column":null}},"351":{"start":{"line":732,"column":2},"end":{"line":755,"column":null}},"352":{"start":{"line":734,"column":6},"end":{"line":734,"column":null}},"353":{"start":{"line":737,"column":6},"end":{"line":737,"column":null}},"354":{"start":{"line":740,"column":22},"end":{"line":740,"column":51}},"355":{"start":{"line":742,"column":6},"end":{"line":744,"column":null}},"356":{"start":{"line":743,"column":8},"end":{"line":743,"column":null}},"357":{"start":{"line":746,"column":22},"end":{"line":746,"column":44}},"358":{"start":{"line":748,"column":6},"end":{"line":750,"column":null}},"359":{"start":{"line":753,"column":6},"end":{"line":753,"column":null}},"360":{"start":{"line":758,"column":4},"end":{"line":760,"column":null}},"361":{"start":{"line":759,"column":6},"end":{"line":759,"column":null}},"362":{"start":{"line":762,"column":4},"end":{"line":764,"column":null}},"363":{"start":{"line":763,"column":6},"end":{"line":763,"column":null}},"364":{"start":{"line":766,"column":4},"end":{"line":768,"column":null}},"365":{"start":{"line":767,"column":6},"end":{"line":767,"column":null}},"366":{"start":{"line":770,"column":4},"end":{"line":776,"column":null}},"367":{"start":{"line":771,"column":6},"end":{"line":773,"column":null}},"368":{"start":{"line":772,"column":8},"end":{"line":772,"column":null}},"369":{"start":{"line":775,"column":6},"end":{"line":775,"column":null}},"370":{"start":{"line":778,"column":4},"end":{"line":778,"column":null}},"371":{"start":{"line":782,"column":20},"end":{"line":784,"column":5}},"372":{"start":{"line":783,"column":6},"end":{"line":783,"column":null}},"373":{"start":{"line":786,"column":4},"end":{"line":788,"column":null}},"374":{"start":{"line":787,"column":6},"end":{"line":787,"column":null}},"375":{"start":{"line":790,"column":4},"end":{"line":792,"column":null}},"376":{"start":{"line":791,"column":6},"end":{"line":791,"column":null}},"377":{"start":{"line":796,"column":4},"end":{"line":798,"column":null}},"378":{"start":{"line":797,"column":6},"end":{"line":797,"column":null}},"379":{"start":{"line":802,"column":20},"end":{"line":802,"column":53}},"380":{"start":{"line":804,"column":4},"end":{"line":806,"column":null}},"381":{"start":{"line":805,"column":6},"end":{"line":805,"column":null}},"382":{"start":{"line":808,"column":4},"end":{"line":812,"column":null}},"383":{"start":{"line":809,"column":6},"end":{"line":809,"column":null}},"384":{"start":{"line":811,"column":6},"end":{"line":811,"column":null}},"385":{"start":{"line":816,"column":24},"end":{"line":816,"column":40}},"386":{"start":{"line":818,"column":4},"end":{"line":820,"column":null}},"387":{"start":{"line":819,"column":6},"end":{"line":819,"column":null}},"388":{"start":{"line":822,"column":4},"end":{"line":832,"column":null}},"389":{"start":{"line":823,"column":23},"end":{"line":823,"column":41}},"390":{"start":{"line":824,"column":20},"end":{"line":824,"column":56}},"391":{"start":{"line":826,"column":6},"end":{"line":826,"column":null}},"392":{"start":{"line":827,"column":6},"end":{"line":827,"column":null}},"393":{"start":{"line":829,"column":6},"end":{"line":831,"column":null}},"394":{"start":{"line":830,"column":8},"end":{"line":830,"column":null}},"395":{"start":{"line":834,"column":4},"end":{"line":836,"column":null}},"396":{"start":{"line":835,"column":6},"end":{"line":835,"column":null}},"397":{"start":{"line":838,"column":4},"end":{"line":838,"column":null}},"398":{"start":{"line":842,"column":17},"end":{"line":842,"column":37}},"399":{"start":{"line":843,"column":16},"end":{"line":843,"column":27}},"400":{"start":{"line":845,"column":4},"end":{"line":847,"column":null}},"401":{"start":{"line":846,"column":6},"end":{"line":846,"column":null}},"402":{"start":{"line":849,"column":4},"end":{"line":849,"column":null}},"403":{"start":{"line":853,"column":16},"end":{"line":853,"column":52}},"404":{"start":{"line":855,"column":4},"end":{"line":857,"column":null}},"405":{"start":{"line":856,"column":6},"end":{"line":856,"column":null}},"406":{"start":{"line":861,"column":24},"end":{"line":861,"column":56}},"407":{"start":{"line":862,"column":17},"end":{"line":862,"column":37}},"408":{"start":{"line":863,"column":25},"end":{"line":863,"column":51}},"409":{"start":{"line":865,"column":4},"end":{"line":867,"column":null}},"410":{"start":{"line":866,"column":6},"end":{"line":866,"column":null}},"411":{"start":{"line":869,"column":20},"end":{"line":869,"column":32}},"412":{"start":{"line":871,"column":4},"end":{"line":881,"column":null}},"413":{"start":{"line":872,"column":6},"end":{"line":872,"column":null}},"414":{"start":{"line":873,"column":11},"end":{"line":881,"column":null}},"415":{"start":{"line":874,"column":6},"end":{"line":874,"column":null}},"416":{"start":{"line":875,"column":11},"end":{"line":881,"column":null}},"417":{"start":{"line":876,"column":6},"end":{"line":876,"column":null}},"418":{"start":{"line":877,"column":11},"end":{"line":881,"column":null}},"419":{"start":{"line":878,"column":6},"end":{"line":878,"column":null}},"420":{"start":{"line":880,"column":6},"end":{"line":880,"column":null}},"421":{"start":{"line":883,"column":4},"end":{"line":883,"column":null}},"422":{"start":{"line":884,"column":4},"end":{"line":884,"column":null}},"423":{"start":{"line":888,"column":24},"end":{"line":888,"column":43}},"424":{"start":{"line":890,"column":4},"end":{"line":892,"column":null}},"425":{"start":{"line":891,"column":6},"end":{"line":891,"column":null}},"426":{"start":{"line":894,"column":4},"end":{"line":894,"column":null}},"427":{"start":{"line":895,"column":4},"end":{"line":895,"column":null}},"428":{"start":{"line":896,"column":4},"end":{"line":896,"column":null}},"429":{"start":{"line":898,"column":17},"end":{"line":898,"column":37}},"430":{"start":{"line":900,"column":6},"end":{"line":901,"column":13}},"431":{"start":{"line":900,"column":25},"end":{"line":900,"column":69}},"432":{"start":{"line":903,"column":4},"end":{"line":907,"column":null}},"433":{"start":{"line":904,"column":6},"end":{"line":906,"column":null}},"434":{"start":{"line":905,"column":8},"end":{"line":905,"column":null}},"435":{"start":{"line":909,"column":4},"end":{"line":911,"column":null}},"436":{"start":{"line":910,"column":6},"end":{"line":910,"column":null}},"437":{"start":{"line":913,"column":4},"end":{"line":913,"column":null}},"438":{"start":{"line":916,"column":2},"end":{"line":933,"column":null}},"439":{"start":{"line":918,"column":6},"end":{"line":918,"column":null}},"440":{"start":{"line":921,"column":26},"end":{"line":921,"column":45}},"441":{"start":{"line":923,"column":6},"end":{"line":925,"column":null}},"442":{"start":{"line":924,"column":8},"end":{"line":924,"column":null}},"443":{"start":{"line":927,"column":6},"end":{"line":929,"column":null}},"444":{"start":{"line":928,"column":8},"end":{"line":928,"column":null}},"445":{"start":{"line":931,"column":6},"end":{"line":931,"column":null}},"446":{"start":{"line":936,"column":4},"end":{"line":938,"column":null}},"447":{"start":{"line":937,"column":6},"end":{"line":937,"column":null}},"448":{"start":{"line":940,"column":4},"end":{"line":942,"column":null}},"449":{"start":{"line":941,"column":6},"end":{"line":941,"column":null}},"450":{"start":{"line":944,"column":4},"end":{"line":946,"column":null}},"451":{"start":{"line":945,"column":6},"end":{"line":945,"column":null}},"452":{"start":{"line":948,"column":4},"end":{"line":954,"column":null}},"453":{"start":{"line":949,"column":6},"end":{"line":951,"column":null}},"454":{"start":{"line":950,"column":8},"end":{"line":950,"column":null}},"455":{"start":{"line":953,"column":6},"end":{"line":953,"column":null}},"456":{"start":{"line":956,"column":4},"end":{"line":956,"column":null}},"457":{"start":{"line":960,"column":4},"end":{"line":962,"column":null}},"458":{"start":{"line":961,"column":16},"end":{"line":961,"column":null}},"459":{"start":{"line":966,"column":4},"end":{"line":966,"column":null}},"460":{"start":{"line":970,"column":4},"end":{"line":970,"column":null}},"461":{"start":{"line":974,"column":4},"end":{"line":988,"column":null}},"462":{"start":{"line":975,"column":24},"end":{"line":975,"column":63}},"463":{"start":{"line":978,"column":23},"end":{"line":978,"column":51}},"464":{"start":{"line":979,"column":25},"end":{"line":979,"column":61}},"465":{"start":{"line":981,"column":10},"end":{"line":983,"column":null}},"466":{"start":{"line":982,"column":12},"end":{"line":982,"column":null}},"467":{"start":{"line":985,"column":10},"end":{"line":985,"column":null}},"468":{"start":{"line":992,"column":4},"end":{"line":994,"column":null}},"469":{"start":{"line":993,"column":6},"end":{"line":993,"column":null}},"470":{"start":{"line":996,"column":30},"end":{"line":996,"column":92}},"471":{"start":{"line":998,"column":4},"end":{"line":1008,"column":null}},"472":{"start":{"line":1012,"column":20},"end":{"line":1012,"column":52}},"473":{"start":{"line":1013,"column":21},"end":{"line":1013,"column":34}},"474":{"start":{"line":1015,"column":4},"end":{"line":1017,"column":null}},"475":{"start":{"line":1016,"column":6},"end":{"line":1016,"column":null}},"476":{"start":{"line":1021,"column":4},"end":{"line":1026,"column":null}},"477":{"start":{"line":1022,"column":6},"end":{"line":1022,"column":null}},"478":{"start":{"line":1023,"column":6},"end":{"line":1025,"column":null}},"479":{"start":{"line":1025,"column":29},"end":{"line":1025,"column":68}},"480":{"start":{"line":1028,"column":4},"end":{"line":1028,"column":null}},"481":{"start":{"line":1032,"column":17},"end":{"line":1032,"column":59}},"482":{"start":{"line":1033,"column":18},"end":{"line":1033,"column":59}},"483":{"start":{"line":1035,"column":4},"end":{"line":1037,"column":null}},"484":{"start":{"line":1036,"column":6},"end":{"line":1036,"column":null}},"485":{"start":{"line":1039,"column":23},"end":{"line":1039,"column":59}},"486":{"start":{"line":1041,"column":4},"end":{"line":1043,"column":null}},"487":{"start":{"line":1042,"column":6},"end":{"line":1042,"column":null}},"488":{"start":{"line":1045,"column":4},"end":{"line":1050,"column":null}},"489":{"start":{"line":1052,"column":4},"end":{"line":1052,"column":null}},"490":{"start":{"line":1054,"column":4},"end":{"line":1057,"column":null}},"491":{"start":{"line":1055,"column":6},"end":{"line":1055,"column":null}},"492":{"start":{"line":1056,"column":6},"end":{"line":1056,"column":null}},"493":{"start":{"line":1059,"column":4},"end":{"line":1059,"column":null}},"494":{"start":{"line":1063,"column":4},"end":{"line":1065,"column":null}},"495":{"start":{"line":1064,"column":6},"end":{"line":1064,"column":null}},"496":{"start":{"line":1067,"column":19},"end":{"line":1067,"column":63}},"497":{"start":{"line":1069,"column":4},"end":{"line":1071,"column":null}},"498":{"start":{"line":1070,"column":6},"end":{"line":1070,"column":null}},"499":{"start":{"line":1073,"column":4},"end":{"line":1073,"column":null}},"500":{"start":{"line":1075,"column":4},"end":{"line":1077,"column":null}},"501":{"start":{"line":1076,"column":6},"end":{"line":1076,"column":null}},"502":{"start":{"line":1079,"column":4},"end":{"line":1085,"column":null}},"503":{"start":{"line":1082,"column":8},"end":{"line":1084,"column":null}},"504":{"start":{"line":1083,"column":10},"end":{"line":1083,"column":null}},"505":{"start":{"line":1087,"column":4},"end":{"line":1087,"column":null}},"506":{"start":{"line":1089,"column":25},"end":{"line":1089,"column":71}},"507":{"start":{"line":1090,"column":4},"end":{"line":1090,"column":null}},"508":{"start":{"line":1094,"column":4},"end":{"line":1096,"column":null}},"509":{"start":{"line":1095,"column":6},"end":{"line":1095,"column":null}},"510":{"start":{"line":1098,"column":19},"end":{"line":1098,"column":63}},"511":{"start":{"line":1100,"column":4},"end":{"line":1102,"column":null}},"512":{"start":{"line":1101,"column":6},"end":{"line":1101,"column":null}},"513":{"start":{"line":1104,"column":4},"end":{"line":1104,"column":null}},"514":{"start":{"line":1106,"column":20},"end":{"line":1106,"column":56}},"515":{"start":{"line":1107,"column":26},"end":{"line":1107,"column":65}},"516":{"start":{"line":1108,"column":25},"end":{"line":1108,"column":62}},"517":{"start":{"line":1110,"column":4},"end":{"line":1116,"column":null}},"518":{"start":{"line":1111,"column":6},"end":{"line":1111,"column":null}},"519":{"start":{"line":1113,"column":6},"end":{"line":1115,"column":null}},"520":{"start":{"line":1114,"column":8},"end":{"line":1114,"column":null}},"521":{"start":{"line":1118,"column":4},"end":{"line":1118,"column":null}},"522":{"start":{"line":1122,"column":4},"end":{"line":1122,"column":null}},"523":{"start":{"line":1126,"column":18},"end":{"line":1126,"column":46}},"524":{"start":{"line":1128,"column":4},"end":{"line":1130,"column":null}},"525":{"start":{"line":1129,"column":6},"end":{"line":1129,"column":null}},"526":{"start":{"line":1132,"column":4},"end":{"line":1136,"column":null}},"527":{"start":{"line":1133,"column":6},"end":{"line":1133,"column":null}},"528":{"start":{"line":1134,"column":11},"end":{"line":1136,"column":null}},"529":{"start":{"line":1135,"column":6},"end":{"line":1135,"column":null}},"530":{"start":{"line":1138,"column":4},"end":{"line":1142,"column":null}},"531":{"start":{"line":1139,"column":6},"end":{"line":1141,"column":null}},"532":{"start":{"line":1140,"column":8},"end":{"line":1140,"column":null}},"533":{"start":{"line":1144,"column":4},"end":{"line":1146,"column":null}},"534":{"start":{"line":1145,"column":6},"end":{"line":1145,"column":null}},"535":{"start":{"line":1148,"column":4},"end":{"line":1148,"column":null}},"536":{"start":{"line":1149,"column":4},"end":{"line":1149,"column":null}},"537":{"start":{"line":1150,"column":4},"end":{"line":1150,"column":null}},"538":{"start":{"line":1151,"column":4},"end":{"line":1151,"column":null}},"539":{"start":{"line":1152,"column":4},"end":{"line":1152,"column":null}},"540":{"start":{"line":1154,"column":4},"end":{"line":1154,"column":null}},"541":{"start":{"line":1157,"column":2},"end":{"line":1161,"column":null}},"542":{"start":{"line":1159,"column":6},"end":{"line":1159,"column":null}},"543":{"start":{"line":1164,"column":4},"end":{"line":1166,"column":null}},"544":{"start":{"line":1165,"column":6},"end":{"line":1165,"column":null}},"545":{"start":{"line":1168,"column":4},"end":{"line":1170,"column":null}},"546":{"start":{"line":1169,"column":6},"end":{"line":1169,"column":null}},"547":{"start":{"line":1172,"column":4},"end":{"line":1174,"column":null}},"548":{"start":{"line":1173,"column":6},"end":{"line":1173,"column":null}},"549":{"start":{"line":1176,"column":4},"end":{"line":1178,"column":null}},"550":{"start":{"line":1177,"column":6},"end":{"line":1177,"column":null}},"551":{"start":{"line":1180,"column":4},"end":{"line":1182,"column":null}},"552":{"start":{"line":1181,"column":6},"end":{"line":1181,"column":null}},"553":{"start":{"line":1184,"column":24},"end":{"line":1186,"column":38}},"554":{"start":{"line":1188,"column":4},"end":{"line":1188,"column":null}},"555":{"start":{"line":1192,"column":4},"end":{"line":1192,"column":null}},"556":{"start":{"line":1196,"column":22},"end":{"line":1196,"column":55}},"557":{"start":{"line":1198,"column":4},"end":{"line":1200,"column":null}},"558":{"start":{"line":1199,"column":6},"end":{"line":1199,"column":null}},"559":{"start":{"line":1202,"column":4},"end":{"line":1204,"column":null}},"560":{"start":{"line":1203,"column":6},"end":{"line":1203,"column":null}},"561":{"start":{"line":1206,"column":4},"end":{"line":1212,"column":null}},"562":{"start":{"line":1207,"column":20},"end":{"line":1207,"column":88}},"563":{"start":{"line":1209,"column":6},"end":{"line":1209,"column":null}},"564":{"start":{"line":1211,"column":6},"end":{"line":1211,"column":null}},"565":{"start":{"line":1216,"column":4},"end":{"line":1216,"column":null}},"566":{"start":{"line":1216,"column":57},"end":{"line":1216,"column":72}},"567":{"start":{"line":1220,"column":28},"end":{"line":1220,"column":65}},"568":{"start":{"line":1222,"column":4},"end":{"line":1224,"column":null}},"569":{"start":{"line":1223,"column":6},"end":{"line":1223,"column":null}},"570":{"start":{"line":1226,"column":4},"end":{"line":1228,"column":null}},"571":{"start":{"line":1227,"column":6},"end":{"line":1227,"column":null}},"572":{"start":{"line":1227,"column":45},"end":{"line":1227,"column":56}},"573":{"start":{"line":1230,"column":4},"end":{"line":1230,"column":null}},"574":{"start":{"line":1234,"column":4},"end":{"line":1234,"column":null}},"575":{"start":{"line":1238,"column":18},"end":{"line":1238,"column":44}},"576":{"start":{"line":1240,"column":4},"end":{"line":1242,"column":null}},"577":{"start":{"line":1241,"column":6},"end":{"line":1241,"column":null}},"578":{"start":{"line":1244,"column":4},"end":{"line":1244,"column":null}},"579":{"start":{"line":1245,"column":4},"end":{"line":1251,"column":null}},"580":{"start":{"line":1246,"column":21},"end":{"line":1246,"column":42}},"581":{"start":{"line":1248,"column":6},"end":{"line":1248,"column":null}},"582":{"start":{"line":1249,"column":6},"end":{"line":1249,"column":null}},"583":{"start":{"line":1250,"column":6},"end":{"line":1250,"column":null}},"584":{"start":{"line":1253,"column":4},"end":{"line":1253,"column":null}},"585":{"start":{"line":1255,"column":4},"end":{"line":1255,"column":null}},"586":{"start":{"line":1259,"column":18},"end":{"line":1259,"column":44}},"587":{"start":{"line":1261,"column":4},"end":{"line":1263,"column":null}},"588":{"start":{"line":1262,"column":6},"end":{"line":1262,"column":null}},"589":{"start":{"line":1265,"column":4},"end":{"line":1265,"column":null}},"590":{"start":{"line":1266,"column":4},"end":{"line":1266,"column":null}},"591":{"start":{"line":1268,"column":4},"end":{"line":1268,"column":null}},"592":{"start":{"line":1272,"column":18},"end":{"line":1272,"column":44}},"593":{"start":{"line":1274,"column":4},"end":{"line":1276,"column":null}},"594":{"start":{"line":1275,"column":6},"end":{"line":1275,"column":null}},"595":{"start":{"line":1278,"column":4},"end":{"line":1284,"column":null}},"596":{"start":{"line":1279,"column":28},"end":{"line":1279,"column":62}},"597":{"start":{"line":1281,"column":6},"end":{"line":1283,"column":null}},"598":{"start":{"line":1282,"column":8},"end":{"line":1282,"column":null}},"599":{"start":{"line":1286,"column":4},"end":{"line":1286,"column":null}},"600":{"start":{"line":1287,"column":4},"end":{"line":1287,"column":null}},"601":{"start":{"line":1289,"column":4},"end":{"line":1289,"column":null}},"602":{"start":{"line":1293,"column":18},"end":{"line":1293,"column":44}},"603":{"start":{"line":1295,"column":4},"end":{"line":1297,"column":null}},"604":{"start":{"line":1296,"column":6},"end":{"line":1296,"column":null}},"605":{"start":{"line":1299,"column":4},"end":{"line":1301,"column":null}},"606":{"start":{"line":1305,"column":19},"end":{"line":1305,"column":40}},"607":{"start":{"line":1307,"column":4},"end":{"line":1309,"column":null}},"608":{"start":{"line":1308,"column":6},"end":{"line":1308,"column":null}},"609":{"start":{"line":1311,"column":4},"end":{"line":1311,"column":null}},"610":{"start":{"line":1312,"column":4},"end":{"line":1312,"column":null}},"611":{"start":{"line":1313,"column":4},"end":{"line":1313,"column":null}},"612":{"start":{"line":1317,"column":20},"end":{"line":1317,"column":91}},"613":{"start":{"line":1317,"column":74},"end":{"line":1317,"column":90}},"614":{"start":{"line":1318,"column":19},"end":{"line":1318,"column":33}},"615":{"start":{"line":1320,"column":4},"end":{"line":1322,"column":null}},"616":{"start":{"line":1321,"column":6},"end":{"line":1321,"column":null}},"617":{"start":{"line":1326,"column":19},"end":{"line":1326,"column":58}},"618":{"start":{"line":1327,"column":19},"end":{"line":1327,"column":62}},"619":{"start":{"line":1329,"column":4},"end":{"line":1331,"column":null}},"620":{"start":{"line":1330,"column":6},"end":{"line":1330,"column":null}},"621":{"start":{"line":1333,"column":4},"end":{"line":1336,"column":null}},"622":{"start":{"line":1334,"column":6},"end":{"line":1334,"column":null}},"623":{"start":{"line":1335,"column":6},"end":{"line":1335,"column":null}},"624":{"start":{"line":1338,"column":4},"end":{"line":1340,"column":null}},"625":{"start":{"line":1339,"column":6},"end":{"line":1339,"column":null}},"626":{"start":{"line":1344,"column":19},"end":{"line":1344,"column":58}},"627":{"start":{"line":1345,"column":18},"end":{"line":1345,"column":60}},"628":{"start":{"line":1347,"column":4},"end":{"line":1349,"column":null}},"629":{"start":{"line":1348,"column":6},"end":{"line":1348,"column":null}},"630":{"start":{"line":1351,"column":4},"end":{"line":1355,"column":null}},"631":{"start":{"line":1352,"column":6},"end":{"line":1352,"column":null}},"632":{"start":{"line":1353,"column":6},"end":{"line":1353,"column":null}},"633":{"start":{"line":1354,"column":6},"end":{"line":1354,"column":null}},"634":{"start":{"line":1357,"column":4},"end":{"line":1365,"column":null}},"635":{"start":{"line":1358,"column":6},"end":{"line":1362,"column":null}},"636":{"start":{"line":1359,"column":8},"end":{"line":1359,"column":null}},"637":{"start":{"line":1360,"column":8},"end":{"line":1360,"column":null}},"638":{"start":{"line":1361,"column":8},"end":{"line":1361,"column":null}},"639":{"start":{"line":1364,"column":6},"end":{"line":1364,"column":null}},"640":{"start":{"line":1367,"column":20},"end":{"line":1367,"column":90}},"641":{"start":{"line":1367,"column":73},"end":{"line":1367,"column":89}},"642":{"start":{"line":1368,"column":25},"end":{"line":1368,"column":54}},"643":{"start":{"line":1370,"column":4},"end":{"line":1372,"column":null}},"644":{"start":{"line":1371,"column":6},"end":{"line":1371,"column":null}},"645":{"start":{"line":1374,"column":4},"end":{"line":1389,"column":null}},"646":{"start":{"line":1375,"column":6},"end":{"line":1375,"column":null}},"647":{"start":{"line":1376,"column":6},"end":{"line":1376,"column":null}},"648":{"start":{"line":1377,"column":11},"end":{"line":1389,"column":null}},"649":{"start":{"line":1378,"column":6},"end":{"line":1378,"column":null}},"650":{"start":{"line":1379,"column":6},"end":{"line":1379,"column":null}},"651":{"start":{"line":1380,"column":11},"end":{"line":1389,"column":null}},"652":{"start":{"line":1381,"column":6},"end":{"line":1381,"column":null}},"653":{"start":{"line":1382,"column":6},"end":{"line":1382,"column":null}},"654":{"start":{"line":1383,"column":11},"end":{"line":1389,"column":null}},"655":{"start":{"line":1384,"column":6},"end":{"line":1384,"column":null}},"656":{"start":{"line":1385,"column":6},"end":{"line":1385,"column":null}},"657":{"start":{"line":1386,"column":11},"end":{"line":1389,"column":null}},"658":{"start":{"line":1387,"column":6},"end":{"line":1387,"column":null}},"659":{"start":{"line":1388,"column":6},"end":{"line":1388,"column":null}},"660":{"start":{"line":1393,"column":4},"end":{"line":1397,"column":null}},"661":{"start":{"line":1394,"column":6},"end":{"line":1396,"column":null}},"662":{"start":{"line":1395,"column":8},"end":{"line":1395,"column":null}},"663":{"start":{"line":1401,"column":19},"end":{"line":1401,"column":51}},"664":{"start":{"line":1403,"column":4},"end":{"line":1403,"column":null}},"665":{"start":{"line":1404,"column":4},"end":{"line":1404,"column":null}},"666":{"start":{"line":1405,"column":4},"end":{"line":1405,"column":null}},"667":{"start":{"line":1406,"column":4},"end":{"line":1406,"column":null}},"668":{"start":{"line":1407,"column":4},"end":{"line":1407,"column":null}},"669":{"start":{"line":1408,"column":4},"end":{"line":1408,"column":null}},"670":{"start":{"line":1410,"column":4},"end":{"line":1410,"column":null}},"671":{"start":{"line":1414,"column":19},"end":{"line":1414,"column":45}},"672":{"start":{"line":1416,"column":4},"end":{"line":1418,"column":null}},"673":{"start":{"line":1417,"column":6},"end":{"line":1417,"column":null}},"674":{"start":{"line":1420,"column":4},"end":{"line":1423,"column":null}},"675":{"start":{"line":1421,"column":6},"end":{"line":1421,"column":null}},"676":{"start":{"line":1422,"column":6},"end":{"line":1422,"column":null}},"677":{"start":{"line":1425,"column":24},"end":{"line":1425,"column":53}},"678":{"start":{"line":1426,"column":19},"end":{"line":1426,"column":51}},"679":{"start":{"line":1427,"column":18},"end":{"line":1427,"column":48}},"680":{"start":{"line":1428,"column":17},"end":{"line":1428,"column":46}},"681":{"start":{"line":1429,"column":19},"end":{"line":1429,"column":79}},"682":{"start":{"line":1430,"column":19},"end":{"line":1430,"column":35}},"683":{"start":{"line":1431,"column":20},"end":{"line":1433,"column":5}},"684":{"start":{"line":1432,"column":6},"end":{"line":1432,"column":null}},"685":{"start":{"line":1435,"column":4},"end":{"line":1435,"column":null}},"686":{"start":{"line":1436,"column":4},"end":{"line":1436,"column":null}},"687":{"start":{"line":1437,"column":4},"end":{"line":1437,"column":null}},"688":{"start":{"line":1438,"column":4},"end":{"line":1438,"column":null}},"689":{"start":{"line":1439,"column":4},"end":{"line":1439,"column":null}},"690":{"start":{"line":1440,"column":4},"end":{"line":1440,"column":null}},"691":{"start":{"line":1441,"column":4},"end":{"line":1441,"column":null}},"692":{"start":{"line":1442,"column":4},"end":{"line":1442,"column":null}},"693":{"start":{"line":1443,"column":4},"end":{"line":1443,"column":null}},"694":{"start":{"line":1444,"column":4},"end":{"line":1444,"column":null}},"695":{"start":{"line":1445,"column":4},"end":{"line":1445,"column":null}},"696":{"start":{"line":1446,"column":4},"end":{"line":1446,"column":null}},"697":{"start":{"line":1448,"column":17},"end":{"line":1448,"column":43}},"698":{"start":{"line":1450,"column":4},"end":{"line":1452,"column":null}},"699":{"start":{"line":1451,"column":6},"end":{"line":1451,"column":null}},"700":{"start":{"line":1454,"column":4},"end":{"line":1454,"column":null}},"701":{"start":{"line":1456,"column":4},"end":{"line":1464,"column":null}},"702":{"start":{"line":1457,"column":20},"end":{"line":1457,"column":49}},"703":{"start":{"line":1459,"column":6},"end":{"line":1459,"column":null}},"704":{"start":{"line":1460,"column":6},"end":{"line":1460,"column":null}},"705":{"start":{"line":1461,"column":6},"end":{"line":1461,"column":null}},"706":{"start":{"line":1463,"column":6},"end":{"line":1463,"column":null}},"707":{"start":{"line":1463,"column":34},"end":{"line":1463,"column":53}},"708":{"start":{"line":1466,"column":4},"end":{"line":1466,"column":null}},"709":{"start":{"line":1467,"column":4},"end":{"line":1467,"column":null}},"710":{"start":{"line":1468,"column":4},"end":{"line":1468,"column":null}},"711":{"start":{"line":1470,"column":4},"end":{"line":1470,"column":null}},"712":{"start":{"line":1471,"column":4},"end":{"line":1471,"column":null}},"713":{"start":{"line":1472,"column":4},"end":{"line":1472,"column":null}},"714":{"start":{"line":1473,"column":4},"end":{"line":1473,"column":null}},"715":{"start":{"line":1474,"column":4},"end":{"line":1474,"column":null}},"716":{"start":{"line":1474,"column":44},"end":{"line":1474,"column":69}},"717":{"start":{"line":1476,"column":4},"end":{"line":1480,"column":null}},"718":{"start":{"line":1477,"column":6},"end":{"line":1479,"column":null}},"719":{"start":{"line":1478,"column":8},"end":{"line":1478,"column":null}},"720":{"start":{"line":1478,"column":25},"end":{"line":1478,"column":50}},"721":{"start":{"line":1482,"column":4},"end":{"line":1482,"column":null}},"722":{"start":{"line":1484,"column":4},"end":{"line":1484,"column":null}},"723":{"start":{"line":1487,"column":2},"end":{"line":1500,"column":null}},"724":{"start":{"line":1489,"column":6},"end":{"line":1489,"column":null}},"725":{"start":{"line":1492,"column":6},"end":{"line":1492,"column":null}},"726":{"start":{"line":1495,"column":6},"end":{"line":1495,"column":null}},"727":{"start":{"line":1498,"column":6},"end":{"line":1498,"column":null}},"728":{"start":{"line":1503,"column":4},"end":{"line":1505,"column":null}},"729":{"start":{"line":1504,"column":6},"end":{"line":1504,"column":null}},"730":{"start":{"line":1507,"column":4},"end":{"line":1509,"column":null}},"731":{"start":{"line":1508,"column":6},"end":{"line":1508,"column":null}},"732":{"start":{"line":1511,"column":4},"end":{"line":1513,"column":null}},"733":{"start":{"line":1512,"column":6},"end":{"line":1512,"column":null}},"734":{"start":{"line":1515,"column":4},"end":{"line":1521,"column":null}},"735":{"start":{"line":1516,"column":6},"end":{"line":1518,"column":null}},"736":{"start":{"line":1517,"column":8},"end":{"line":1517,"column":null}},"737":{"start":{"line":1520,"column":6},"end":{"line":1520,"column":null}},"738":{"start":{"line":1523,"column":4},"end":{"line":1523,"column":null}},"739":{"start":{"line":1527,"column":19},"end":{"line":1527,"column":32}},"740":{"start":{"line":1529,"column":4},"end":{"line":1529,"column":null}},"741":{"start":{"line":1534,"column":6},"end":{"line":1536,"column":56}},"742":{"start":{"line":1537,"column":19},"end":{"line":1539,"column":51}},"743":{"start":{"line":1540,"column":18},"end":{"line":1542,"column":81}},"744":{"start":{"line":1541,"column":22},"end":{"line":1541,"column":51}},"745":{"start":{"line":1542,"column":38},"end":{"line":1542,"column":80}},"746":{"start":{"line":1544,"column":4},"end":{"line":1544,"column":null}},"747":{"start":{"line":1548,"column":4},"end":{"line":1552,"column":null}},"748":{"start":{"line":1549,"column":6},"end":{"line":1551,"column":null}},"749":{"start":{"line":1554,"column":21},"end":{"line":1554,"column":60}},"750":{"start":{"line":1556,"column":4},"end":{"line":1556,"column":null}},"751":{"start":{"line":1560,"column":4},"end":{"line":1566,"column":null}},"752":{"start":{"line":1561,"column":6},"end":{"line":1565,"column":null}},"753":{"start":{"line":1568,"column":17},"end":{"line":1568,"column":64}},"754":{"start":{"line":1569,"column":18},"end":{"line":1569,"column":51}},"755":{"start":{"line":1571,"column":4},"end":{"line":1574,"column":null}},"756":{"start":{"line":1578,"column":20},"end":{"line":1578,"column":98}},"757":{"start":{"line":1579,"column":18},"end":{"line":1579,"column":67}},"758":{"start":{"line":1580,"column":18},"end":{"line":1580,"column":66}},"759":{"start":{"line":1581,"column":22},"end":{"line":1581,"column":68}},"760":{"start":{"line":1583,"column":4},"end":{"line":1589,"column":null}},"761":{"start":{"line":1593,"column":4},"end":{"line":1595,"column":null}},"762":{"start":{"line":1594,"column":6},"end":{"line":1594,"column":null}},"763":{"start":{"line":1597,"column":16},"end":{"line":1597,"column":44}},"764":{"start":{"line":1598,"column":19},"end":{"line":1598,"column":82}},"765":{"start":{"line":1600,"column":4},"end":{"line":1605,"column":null}},"766":{"start":{"line":1601,"column":19},"end":{"line":1601,"column":47}},"767":{"start":{"line":1603,"column":6},"end":{"line":1603,"column":null}},"768":{"start":{"line":1604,"column":6},"end":{"line":1604,"column":null}},"769":{"start":{"line":1607,"column":4},"end":{"line":1607,"column":null}},"770":{"start":{"line":1611,"column":20},"end":{"line":1611,"column":60}},"771":{"start":{"line":1612,"column":19},"end":{"line":1612,"column":33}},"772":{"start":{"line":1614,"column":4},"end":{"line":1616,"column":null}},"773":{"start":{"line":1615,"column":6},"end":{"line":1615,"column":null}},"774":{"start":{"line":1618,"column":4},"end":{"line":1618,"column":null}},"775":{"start":{"line":1619,"column":4},"end":{"line":1627,"column":null}},"776":{"start":{"line":1620,"column":23},"end":{"line":1620,"column":73}},"777":{"start":{"line":1622,"column":6},"end":{"line":1626,"column":null}},"778":{"start":{"line":1623,"column":8},"end":{"line":1623,"column":null}},"779":{"start":{"line":1624,"column":13},"end":{"line":1626,"column":null}},"780":{"start":{"line":1625,"column":8},"end":{"line":1625,"column":null}},"781":{"start":{"line":1631,"column":18},"end":{"line":1631,"column":20}},"782":{"start":{"line":1633,"column":4},"end":{"line":1639,"column":null}},"783":{"start":{"line":1634,"column":6},"end":{"line":1636,"column":null}},"784":{"start":{"line":1634,"column":22},"end":{"line":1634,"column":23}},"785":{"start":{"line":1635,"column":8},"end":{"line":1635,"column":null}},"786":{"start":{"line":1638,"column":6},"end":{"line":1638,"column":null}},"787":{"start":{"line":1641,"column":4},"end":{"line":1641,"column":null}},"788":{"start":{"line":1643,"column":22},"end":{"line":1643,"column":65}},"789":{"start":{"line":1644,"column":18},"end":{"line":1644,"column":54}},"790":{"start":{"line":1645,"column":16},"end":{"line":1645,"column":64}},"791":{"start":{"line":1647,"column":4},"end":{"line":1649,"column":null}},"792":{"start":{"line":1648,"column":6},"end":{"line":1648,"column":null}},"793":{"start":{"line":1651,"column":4},"end":{"line":1653,"column":null}},"794":{"start":{"line":1651,"column":20},"end":{"line":1651,"column":25}},"795":{"start":{"line":1652,"column":6},"end":{"line":1652,"column":null}},"796":{"start":{"line":1655,"column":4},"end":{"line":1657,"column":null}},"797":{"start":{"line":1656,"column":6},"end":{"line":1656,"column":null}},"798":{"start":{"line":1659,"column":4},"end":{"line":1659,"column":null}},"799":{"start":{"line":1661,"column":4},"end":{"line":1661,"column":null}},"800":{"start":{"line":1665,"column":19},"end":{"line":1665,"column":51}},"801":{"start":{"line":1667,"column":4},"end":{"line":1667,"column":null}},"802":{"start":{"line":1668,"column":4},"end":{"line":1668,"column":null}},"803":{"start":{"line":1669,"column":4},"end":{"line":1669,"column":null}},"804":{"start":{"line":1670,"column":4},"end":{"line":1670,"column":null}},"805":{"start":{"line":1672,"column":4},"end":{"line":1672,"column":null}},"806":{"start":{"line":1676,"column":20},"end":{"line":1676,"column":60}},"807":{"start":{"line":1677,"column":22},"end":{"line":1677,"column":38}},"808":{"start":{"line":1678,"column":17},"end":{"line":1678,"column":49}},"809":{"start":{"line":1679,"column":21},"end":{"line":1679,"column":61}},"810":{"start":{"line":1680,"column":20},"end":{"line":1680,"column":50}},"811":{"start":{"line":1681,"column":18},"end":{"line":1681,"column":48}},"812":{"start":{"line":1682,"column":17},"end":{"line":1682,"column":47}},"813":{"start":{"line":1683,"column":18},"end":{"line":1683,"column":49}},"814":{"start":{"line":1684,"column":19},"end":{"line":1684,"column":51}},"815":{"start":{"line":1686,"column":4},"end":{"line":1686,"column":null}},"816":{"start":{"line":1687,"column":4},"end":{"line":1687,"column":null}},"817":{"start":{"line":1688,"column":4},"end":{"line":1688,"column":null}},"818":{"start":{"line":1689,"column":4},"end":{"line":1689,"column":null}},"819":{"start":{"line":1690,"column":4},"end":{"line":1690,"column":null}},"820":{"start":{"line":1691,"column":4},"end":{"line":1691,"column":null}},"821":{"start":{"line":1693,"column":4},"end":{"line":1715,"column":null}},"822":{"start":{"line":1694,"column":6},"end":{"line":1702,"column":null}},"823":{"start":{"line":1695,"column":25},"end":{"line":1695,"column":55}},"824":{"start":{"line":1697,"column":8},"end":{"line":1697,"column":null}},"825":{"start":{"line":1698,"column":8},"end":{"line":1698,"column":null}},"826":{"start":{"line":1699,"column":8},"end":{"line":1699,"column":null}},"827":{"start":{"line":1700,"column":8},"end":{"line":1700,"column":null}},"828":{"start":{"line":1701,"column":8},"end":{"line":1701,"column":null}},"829":{"start":{"line":1704,"column":21},"end":{"line":1704,"column":78}},"830":{"start":{"line":1706,"column":6},"end":{"line":1706,"column":null}},"831":{"start":{"line":1707,"column":6},"end":{"line":1707,"column":null}},"832":{"start":{"line":1708,"column":6},"end":{"line":1708,"column":null}},"833":{"start":{"line":1710,"column":6},"end":{"line":1712,"column":null}},"834":{"start":{"line":1711,"column":8},"end":{"line":1711,"column":null}},"835":{"start":{"line":1714,"column":6},"end":{"line":1714,"column":null}},"836":{"start":{"line":1717,"column":4},"end":{"line":1717,"column":null}},"837":{"start":{"line":1718,"column":4},"end":{"line":1718,"column":null}},"838":{"start":{"line":1719,"column":4},"end":{"line":1719,"column":null}},"839":{"start":{"line":1721,"column":4},"end":{"line":1728,"column":null}},"840":{"start":{"line":1722,"column":21},"end":{"line":1722,"column":53}},"841":{"start":{"line":1724,"column":6},"end":{"line":1724,"column":null}},"842":{"start":{"line":1725,"column":6},"end":{"line":1725,"column":null}},"843":{"start":{"line":1726,"column":6},"end":{"line":1726,"column":null}},"844":{"start":{"line":1727,"column":6},"end":{"line":1727,"column":null}},"845":{"start":{"line":1730,"column":4},"end":{"line":1730,"column":null}},"846":{"start":{"line":1731,"column":4},"end":{"line":1731,"column":null}},"847":{"start":{"line":1732,"column":4},"end":{"line":1732,"column":null}},"848":{"start":{"line":1733,"column":4},"end":{"line":1733,"column":null}},"849":{"start":{"line":1737,"column":4},"end":{"line":1737,"column":null}},"850":{"start":{"line":1738,"column":4},"end":{"line":1740,"column":null}},"851":{"start":{"line":1739,"column":6},"end":{"line":1739,"column":null}},"852":{"start":{"line":1744,"column":4},"end":{"line":1746,"column":null}},"853":{"start":{"line":1745,"column":6},"end":{"line":1745,"column":null}},"854":{"start":{"line":1748,"column":4},"end":{"line":1752,"column":null}},"855":{"start":{"line":1749,"column":6},"end":{"line":1749,"column":null}},"856":{"start":{"line":1751,"column":6},"end":{"line":1751,"column":null}},"857":{"start":{"line":1754,"column":4},"end":{"line":1759,"column":null}},"858":{"start":{"line":1763,"column":20},"end":{"line":1763,"column":75}},"859":{"start":{"line":1764,"column":18},"end":{"line":1764,"column":71}},"860":{"start":{"line":1766,"column":4},"end":{"line":1768,"column":null}},"861":{"start":{"line":1767,"column":6},"end":{"line":1767,"column":null}},"862":{"start":{"line":1770,"column":4},"end":{"line":1770,"column":null}},"863":{"start":{"line":1771,"column":20},"end":{"line":1771,"column":33}},"864":{"start":{"line":1773,"column":4},"end":{"line":1773,"column":null}},"865":{"start":{"line":1775,"column":4},"end":{"line":1801,"column":null}},"866":{"start":{"line":1776,"column":6},"end":{"line":1798,"column":null}},"867":{"start":{"line":1778,"column":10},"end":{"line":1780,"column":null}},"868":{"start":{"line":1779,"column":12},"end":{"line":1779,"column":null}},"869":{"start":{"line":1782,"column":25},"end":{"line":1782,"column":68}},"870":{"start":{"line":1784,"column":10},"end":{"line":1784,"column":null}},"871":{"start":{"line":1785,"column":10},"end":{"line":1785,"column":null}},"872":{"start":{"line":1786,"column":10},"end":{"line":1786,"column":null}},"873":{"start":{"line":1787,"column":10},"end":{"line":1787,"column":null}},"874":{"start":{"line":1788,"column":10},"end":{"line":1788,"column":null}},"875":{"start":{"line":1789,"column":10},"end":{"line":1794,"column":null}},"876":{"start":{"line":1797,"column":10},"end":{"line":1797,"column":null}},"877":{"start":{"line":1800,"column":6},"end":{"line":1800,"column":null}},"878":{"start":{"line":1803,"column":4},"end":{"line":1803,"column":null}},"879":{"start":{"line":1807,"column":18},"end":{"line":1807,"column":71}},"880":{"start":{"line":1809,"column":4},"end":{"line":1811,"column":null}},"881":{"start":{"line":1810,"column":6},"end":{"line":1810,"column":null}},"882":{"start":{"line":1813,"column":4},"end":{"line":1813,"column":null}},"883":{"start":{"line":1815,"column":4},"end":{"line":1815,"column":null}},"884":{"start":{"line":1819,"column":18},"end":{"line":1819,"column":71}},"885":{"start":{"line":1821,"column":4},"end":{"line":1823,"column":null}},"886":{"start":{"line":1822,"column":6},"end":{"line":1822,"column":null}},"887":{"start":{"line":1825,"column":4},"end":{"line":1825,"column":null}},"888":{"start":{"line":1826,"column":4},"end":{"line":1826,"column":null}},"889":{"start":{"line":1828,"column":4},"end":{"line":1828,"column":null}},"890":{"start":{"line":1832,"column":24},"end":{"line":1832,"column":62}},"891":{"start":{"line":1833,"column":19},"end":{"line":1833,"column":67}},"892":{"start":{"line":1834,"column":18},"end":{"line":1834,"column":71}},"893":{"start":{"line":1836,"column":4},"end":{"line":1838,"column":null}},"894":{"start":{"line":1837,"column":6},"end":{"line":1837,"column":null}},"895":{"start":{"line":1840,"column":19},"end":{"line":1840,"column":64}},"896":{"start":{"line":1842,"column":4},"end":{"line":1848,"column":null}},"897":{"start":{"line":1843,"column":6},"end":{"line":1843,"column":null}},"898":{"start":{"line":1844,"column":11},"end":{"line":1848,"column":null}},"899":{"start":{"line":1845,"column":6},"end":{"line":1845,"column":null}},"900":{"start":{"line":1846,"column":11},"end":{"line":1848,"column":null}},"901":{"start":{"line":1847,"column":6},"end":{"line":1847,"column":null}},"902":{"start":{"line":1852,"column":4},"end":{"line":1854,"column":null}},"903":{"start":{"line":1853,"column":6},"end":{"line":1853,"column":null}},"904":{"start":{"line":1858,"column":24},"end":{"line":1858,"column":49}},"905":{"start":{"line":1860,"column":4},"end":{"line":1862,"column":null}},"906":{"start":{"line":1861,"column":6},"end":{"line":1861,"column":null}},"907":{"start":{"line":1864,"column":24},"end":{"line":1864,"column":92}},"908":{"start":{"line":1866,"column":4},"end":{"line":1866,"column":null}},"909":{"start":{"line":1867,"column":4},"end":{"line":1867,"column":null}},"910":{"start":{"line":1868,"column":4},"end":{"line":1871,"column":null}},"911":{"start":{"line":1872,"column":4},"end":{"line":1875,"column":null}},"912":{"start":{"line":1877,"column":4},"end":{"line":1877,"column":null}},"913":{"start":{"line":1879,"column":4},"end":{"line":1892,"column":null}},"914":{"start":{"line":1880,"column":20},"end":{"line":1880,"column":52}},"915":{"start":{"line":1882,"column":6},"end":{"line":1885,"column":null}},"916":{"start":{"line":1883,"column":8},"end":{"line":1883,"column":null}},"917":{"start":{"line":1884,"column":8},"end":{"line":1884,"column":null}},"918":{"start":{"line":1887,"column":6},"end":{"line":1891,"column":null}},"919":{"start":{"line":1894,"column":4},"end":{"line":1898,"column":null}},"920":{"start":{"line":1895,"column":6},"end":{"line":1895,"column":null}},"921":{"start":{"line":1896,"column":6},"end":{"line":1896,"column":null}},"922":{"start":{"line":1897,"column":6},"end":{"line":1897,"column":null}},"923":{"start":{"line":1900,"column":4},"end":{"line":1900,"column":null}},"924":{"start":{"line":1902,"column":4},"end":{"line":1902,"column":null}},"925":{"start":{"line":1905,"column":2},"end":{"line":1918,"column":null}},"926":{"start":{"line":1907,"column":6},"end":{"line":1907,"column":null}},"927":{"start":{"line":1910,"column":6},"end":{"line":1910,"column":null}},"928":{"start":{"line":1913,"column":6},"end":{"line":1913,"column":null}},"929":{"start":{"line":1916,"column":6},"end":{"line":1916,"column":null}},"930":{"start":{"line":1920,"column":2},"end":{"line":1930,"column":null}},"931":{"start":{"line":1921,"column":4},"end":{"line":1921,"column":null}},"932":{"start":{"line":1922,"column":4},"end":{"line":1922,"column":null}},"933":{"start":{"line":1923,"column":4},"end":{"line":1925,"column":null}},"934":{"start":{"line":1924,"column":6},"end":{"line":1924,"column":null}},"935":{"start":{"line":1926,"column":4},"end":{"line":1926,"column":null}},"936":{"start":{"line":1927,"column":4},"end":{"line":1929,"column":null}},"937":{"start":{"line":1928,"column":6},"end":{"line":1928,"column":null}},"938":{"start":{"line":1932,"column":2},"end":{"line":1932,"column":null}},"939":{"start":{"line":1933,"column":2},"end":{"line":1933,"column":null}},"940":{"start":{"line":1934,"column":2},"end":{"line":1934,"column":null}},"941":{"start":{"line":1935,"column":2},"end":{"line":1935,"column":null}},"942":{"start":{"line":1936,"column":2},"end":{"line":1936,"column":null}},"943":{"start":{"line":1938,"column":2},"end":{"line":1956,"column":null}},"944":{"start":{"line":1939,"column":4},"end":{"line":1955,"column":null}},"945":{"start":{"line":1940,"column":21},"end":{"line":1940,"column":37}},"946":{"start":{"line":1942,"column":6},"end":{"line":1954,"column":null}},"947":{"start":{"line":1943,"column":8},"end":{"line":1946,"column":null}},"948":{"start":{"line":1944,"column":10},"end":{"line":1944,"column":null}},"949":{"start":{"line":1945,"column":10},"end":{"line":1945,"column":null}},"950":{"start":{"line":1948,"column":8},"end":{"line":1951,"column":null}},"951":{"start":{"line":1949,"column":10},"end":{"line":1949,"column":null}},"952":{"start":{"line":1950,"column":10},"end":{"line":1950,"column":null}},"953":{"start":{"line":1953,"column":8},"end":{"line":1953,"column":null}},"954":{"start":{"line":1958,"column":2},"end":{"line":1962,"column":null}},"955":{"start":{"line":1959,"column":4},"end":{"line":1961,"column":null}},"956":{"start":{"line":1960,"column":6},"end":{"line":1960,"column":null}},"957":{"start":{"line":1964,"column":2},"end":{"line":1975,"column":null}},"958":{"start":{"line":1965,"column":4},"end":{"line":1974,"column":null}},"959":{"start":{"line":1966,"column":6},"end":{"line":1973,"column":null}},"960":{"start":{"line":1967,"column":8},"end":{"line":1970,"column":null}},"961":{"start":{"line":1968,"column":10},"end":{"line":1968,"column":null}},"962":{"start":{"line":1969,"column":10},"end":{"line":1969,"column":null}},"963":{"start":{"line":1972,"column":8},"end":{"line":1972,"column":null}},"964":{"start":{"line":1977,"column":2},"end":{"line":1988,"column":null}},"965":{"start":{"line":1978,"column":4},"end":{"line":1987,"column":null}},"966":{"start":{"line":1979,"column":6},"end":{"line":1986,"column":null}},"967":{"start":{"line":1980,"column":8},"end":{"line":1983,"column":null}},"968":{"start":{"line":1981,"column":10},"end":{"line":1981,"column":null}},"969":{"start":{"line":1982,"column":10},"end":{"line":1982,"column":null}},"970":{"start":{"line":1985,"column":8},"end":{"line":1985,"column":null}},"971":{"start":{"line":1990,"column":2},"end":{"line":2011,"column":null}},"972":{"start":{"line":1991,"column":4},"end":{"line":2010,"column":null}},"973":{"start":{"line":1992,"column":6},"end":{"line":2009,"column":null}},"974":{"start":{"line":1993,"column":8},"end":{"line":1996,"column":null}},"975":{"start":{"line":1994,"column":10},"end":{"line":1994,"column":null}},"976":{"start":{"line":1995,"column":10},"end":{"line":1995,"column":null}},"977":{"start":{"line":1998,"column":8},"end":{"line":2001,"column":null}},"978":{"start":{"line":1999,"column":10},"end":{"line":1999,"column":null}},"979":{"start":{"line":2000,"column":10},"end":{"line":2000,"column":null}},"980":{"start":{"line":2003,"column":8},"end":{"line":2006,"column":null}},"981":{"start":{"line":2004,"column":10},"end":{"line":2004,"column":null}},"982":{"start":{"line":2005,"column":10},"end":{"line":2005,"column":null}},"983":{"start":{"line":2008,"column":8},"end":{"line":2008,"column":null}},"984":{"start":{"line":2013,"column":2},"end":{"line":2019,"column":null}},"985":{"start":{"line":2014,"column":4},"end":{"line":2018,"column":null}},"986":{"start":{"line":2015,"column":6},"end":{"line":2017,"column":null}},"987":{"start":{"line":2016,"column":8},"end":{"line":2016,"column":null}},"988":{"start":{"line":2021,"column":2},"end":{"line":2042,"column":null}},"989":{"start":{"line":2022,"column":4},"end":{"line":2041,"column":null}},"990":{"start":{"line":2023,"column":6},"end":{"line":2040,"column":null}},"991":{"start":{"line":2024,"column":8},"end":{"line":2027,"column":null}},"992":{"start":{"line":2025,"column":10},"end":{"line":2025,"column":null}},"993":{"start":{"line":2026,"column":10},"end":{"line":2026,"column":null}},"994":{"start":{"line":2029,"column":8},"end":{"line":2032,"column":null}},"995":{"start":{"line":2030,"column":10},"end":{"line":2030,"column":null}},"996":{"start":{"line":2031,"column":10},"end":{"line":2031,"column":null}},"997":{"start":{"line":2034,"column":8},"end":{"line":2037,"column":null}},"998":{"start":{"line":2035,"column":10},"end":{"line":2035,"column":null}},"999":{"start":{"line":2036,"column":10},"end":{"line":2036,"column":null}},"1000":{"start":{"line":2039,"column":8},"end":{"line":2039,"column":null}},"1001":{"start":{"line":2044,"column":2},"end":{"line":2065,"column":null}},"1002":{"start":{"line":2045,"column":4},"end":{"line":2064,"column":null}},"1003":{"start":{"line":2046,"column":6},"end":{"line":2063,"column":null}},"1004":{"start":{"line":2047,"column":8},"end":{"line":2050,"column":null}},"1005":{"start":{"line":2048,"column":10},"end":{"line":2048,"column":null}},"1006":{"start":{"line":2049,"column":10},"end":{"line":2049,"column":null}},"1007":{"start":{"line":2052,"column":8},"end":{"line":2055,"column":null}},"1008":{"start":{"line":2053,"column":10},"end":{"line":2053,"column":null}},"1009":{"start":{"line":2054,"column":10},"end":{"line":2054,"column":null}},"1010":{"start":{"line":2057,"column":8},"end":{"line":2060,"column":null}},"1011":{"start":{"line":2058,"column":10},"end":{"line":2058,"column":null}},"1012":{"start":{"line":2059,"column":10},"end":{"line":2059,"column":null}},"1013":{"start":{"line":2062,"column":8},"end":{"line":2062,"column":null}}},"fnMap":{"0":{"name":"(anonymous_0)","decl":{"start":{"line":1,"column":1},"end":{"line":1,"column":9}},"loc":{"start":{"line":1,"column":13},"end":{"line":2066,"column":1}},"line":1},"1":{"name":"(anonymous_1)","decl":{"start":{"line":18,"column":31},"end":{"line":18,"column":32}},"loc":{"start":{"line":18,"column":43},"end":{"line":18,"column":81}},"line":18},"2":{"name":"resolveDialog","decl":{"start":{"line":42,"column":11},"end":{"line":42,"column":24}},"loc":{"start":{"line":42,"column":33},"end":{"line":64,"column":null}},"line":42},"3":{"name":"getFocusableElement","decl":{"start":{"line":66,"column":11},"end":{"line":66,"column":30}},"loc":{"start":{"line":66,"column":39},"end":{"line":68,"column":null}},"line":66},"4":{"name":"focusDialog","decl":{"start":{"line":70,"column":11},"end":{"line":70,"column":22}},"loc":{"start":{"line":70,"column":31},"end":{"line":91,"column":null}},"line":70},"5":{"name":"lockScroll","decl":{"start":{"line":93,"column":11},"end":{"line":93,"column":21}},"loc":{"start":{"line":93,"column":24},"end":{"line":104,"column":null}},"line":93},"6":{"name":"unlockScroll","decl":{"start":{"line":106,"column":11},"end":{"line":106,"column":23}},"loc":{"start":{"line":106,"column":26},"end":{"line":119,"column":null}},"line":106},"7":{"name":"removeFromOpenDialogs","decl":{"start":{"line":121,"column":11},"end":{"line":121,"column":32}},"loc":{"start":{"line":121,"column":41},"end":{"line":127,"column":null}},"line":121},"8":{"name":"restoreFocus","decl":{"start":{"line":129,"column":11},"end":{"line":129,"column":23}},"loc":{"start":{"line":129,"column":32},"end":{"line":141,"column":null}},"line":129},"9":{"name":"handleClose","decl":{"start":{"line":143,"column":11},"end":{"line":143,"column":22}},"loc":{"start":{"line":143,"column":30},"end":{"line":158,"column":null}},"line":143},"10":{"name":"closeDialogElement","decl":{"start":{"line":160,"column":11},"end":{"line":160,"column":29}},"loc":{"start":{"line":160,"column":56},"end":{"line":177,"column":null}},"line":160},"11":{"name":"handleBackdropClick","decl":{"start":{"line":179,"column":11},"end":{"line":179,"column":30}},"loc":{"start":{"line":179,"column":38},"end":{"line":191,"column":null}},"line":179},"12":{"name":"handleKeydown","decl":{"start":{"line":193,"column":11},"end":{"line":193,"column":24}},"loc":{"start":{"line":193,"column":32},"end":{"line":206,"column":null}},"line":193},"13":{"name":"wireDialog","decl":{"start":{"line":208,"column":11},"end":{"line":208,"column":21}},"loc":{"start":{"line":208,"column":30},"end":{"line":216,"column":null}},"line":208},"14":{"name":"openDialogElement","decl":{"start":{"line":218,"column":11},"end":{"line":218,"column":28}},"loc":{"start":{"line":218,"column":37},"end":{"line":255,"column":null}},"line":218},"15":{"name":"toggleDialogElement","decl":{"start":{"line":257,"column":11},"end":{"line":257,"column":30}},"loc":{"start":{"line":257,"column":39},"end":{"line":263,"column":null}},"line":257},"16":{"name":"open","decl":{"start":{"line":266,"column":4},"end":{"line":266,"column":8}},"loc":{"start":{"line":266,"column":17},"end":{"line":268,"column":5}},"line":266},"17":{"name":"close","decl":{"start":{"line":269,"column":4},"end":{"line":269,"column":9}},"loc":{"start":{"line":269,"column":31},"end":{"line":271,"column":5}},"line":269},"18":{"name":"toggle","decl":{"start":{"line":272,"column":4},"end":{"line":272,"column":10}},"loc":{"start":{"line":272,"column":19},"end":{"line":274,"column":5}},"line":272},"19":{"name":"resolveToast","decl":{"start":{"line":277,"column":11},"end":{"line":277,"column":23}},"loc":{"start":{"line":277,"column":32},"end":{"line":295,"column":null}},"line":277},"20":{"name":"normalizeToastPosition","decl":{"start":{"line":297,"column":11},"end":{"line":297,"column":33}},"loc":{"start":{"line":297,"column":44},"end":{"line":303,"column":null}},"line":297},"21":{"name":"getToastRegion","decl":{"start":{"line":305,"column":11},"end":{"line":305,"column":25}},"loc":{"start":{"line":305,"column":36},"end":{"line":328,"column":null}},"line":305},"22":{"name":"normalizeToastOptions","decl":{"start":{"line":330,"column":11},"end":{"line":330,"column":32}},"loc":{"start":{"line":330,"column":51},"end":{"line":338,"column":null}},"line":330},"23":{"name":"resolveToastContainer","decl":{"start":{"line":340,"column":11},"end":{"line":340,"column":32}},"loc":{"start":{"line":340,"column":41},"end":{"line":358,"column":null}},"line":340},"24":{"name":"setToastContent","decl":{"start":{"line":360,"column":11},"end":{"line":360,"column":26}},"loc":{"start":{"line":360,"column":43},"end":{"line":380,"column":null}},"line":360},"25":{"name":"closeToastElement","decl":{"start":{"line":382,"column":11},"end":{"line":382,"column":28}},"loc":{"start":{"line":382,"column":36},"end":{"line":398,"column":null}},"line":382},"26":{"name":"showToast","decl":{"start":{"line":400,"column":11},"end":{"line":400,"column":20}},"loc":{"start":{"line":400,"column":39},"end":{"line":456,"column":null}},"line":400},"27":{"name":"(anonymous_27)","decl":{"start":{"line":437,"column":44},"end":{"line":437,"column":52}},"l
[...]
304:34":104,"s:1305:19:1305:40":606,"b:1307:4:1309:Infinity:undefined:undefined:undefined:undefined":212,"s:1307:4:1309:Infinity":607,"b:1307:8:1307:15:1307:19:1307:34:1307:38:1307:53":213,"s:1308:6:1308:Infinity":608,"s:1311:4:1311:Infinity":609,"s:1312:4:1312:Infinity":610,"s:1313:4:1313:Infinity":611,"f:1316:11:1316:33":105,"s:1317:20:1317:91":612,"f:1317:62:1317:63":106,"s:1317:74:1317:90":613,"s:1318:19:1318:33":614,"b:1320:4:1322:Infinity:undefined:undefined:undefined:undefined":214,"s:1320:4:1322:Infinity":615,"s:1321:6:1321:Infinity":616,"f:1325:11:1325:33":107,"s:1326:19:1326:58":617,"s:1327:19:1327:62":618,"b:1329:4:1331:Infinity:undefined:undefined:undefined:undefined":215,"s:1329:4:1331:Infinity":619,"s:1330:6:1330:Infinity":620,"b:1333:4:1336:Infinity:undefined:undefined:undefined:undefined":216,"s:1333:4:1336:Infinity":621,"s:1334:6:1334:Infinity":622,"s:1335:6:1335:Infinity":623,"b:1338:4:1340:Infinity:undefined:undefined:undefined:undefined":217,"s:1338:4:1340:Infinity":624,"s:1339:6:1339:Infinity":625,"f:1343:11:1343:35":108,"s:1344:19:1344:58":626,"s:1345:18:1345:60":627,"b:1345:27:1345:53:1345:56:1345:60":218,"b:1347:4:1349:Infinity:undefined:undefined:undefined:undefined":219,"s:1347:4:1349:Infinity":628,"s:1348:6:1348:Infinity":629,"b:1351:4:1355:Infinity:undefined:undefined:undefined:undefined":220,"s:1351:4:1355:Infinity":630,"s:1352:6:1352:Infinity":631,"s:1353:6:1353:Infinity":632,"s:1354:6:1354:Infinity":633,"b:1357:4:1365:Infinity:undefined:undefined:undefined:undefined":221,"s:1357:4:1365:Infinity":634,"b:1358:6:1362:Infinity:undefined:undefined:undefined:undefined":222,"s:1358:6:1362:Infinity":635,"b:1358:10:1358:35:1358:39:1358:60:1358:64:1358:81":223,"s:1359:8:1359:Infinity":636,"s:1360:8:1360:Infinity":637,"s:1361:8:1361:Infinity":638,"s:1364:6:1364:Infinity":639,"s:1367:20:1367:90":640,"f:1367:61:1367:62":109,"s:1367:73:1367:89":641,"s:1368:25:1368:54":642,"b:1370:4:1372:Infinity:undefined:undefined:undefined:undefined":224,"s:1370:4:1372:Infinity":643,"s:1371:6:1371:Infinity":644,"b:1374:4:1389:Infinity:1377:11:1389:Infinity":225,"s:1374:4:1389:Infinity":645,"s:1375:6:1375:Infinity":646,"s:1376:6:1376:Infinity":647,"b:1377:11:1389:Infinity:1380:11:1389:Infinity":226,"s:1377:11:1389:Infinity":648,"s:1378:6:1378:Infinity":649,"s:1379:6:1379:Infinity":650,"b:1380:11:1389:Infinity:1383:11:1389:Infinity":227,"s:1380:11:1389:Infinity":651,"s:1381:6:1381:Infinity":652,"s:1382:6:1382:Infinity":653,"b:1383:11:1389:Infinity:1386:11:1389:Infinity":228,"s:1383:11:1389:Infinity":654,"s:1384:6:1384:Infinity":655,"s:1385:6:1385:Infinity":656,"b:1386:11:1389:Infinity:undefined:undefined:undefined:undefined":229,"s:1386:11:1389:Infinity":657,"b:1386:15:1386:36:1386:40:1386:57":230,"s:1387:6:1387:Infinity":658,"s:1388:6:1388:Infinity":659,"f:1392:11:1392:41":110,"s:1393:4:1397:Infinity":660,"f:1393:62:1393:63":111,"b:1394:6:1396:Infinity:undefined:undefined:undefined:undefined":231,"s:1394:6:1396:Infinity":661,"s:1395:8:1395:Infinity":662,"f:1400:11:1400:34":112,"s:1401:19:1401:51":663,"s:1403:4:1403:Infinity":664,"s:1404:4:1404:Infinity":665,"s:1405:4:1405:Infinity":666,"s:1406:4:1406:Infinity":667,"s:1407:4:1407:Infinity":668,"s:1408:4:1408:Infinity":669,"s:1410:4:1410:Infinity":670,"f:1413:11:1413:27":113,"s:1414:19:1414:45":671,"b:1416:4:1418:Infinity:undefined:undefined:undefined:undefined":232,"s:1416:4:1418:Infinity":672,"b:1416:8:1416:15:1416:19:1416:54":233,"s:1417:6:1417:Infinity":673,"b:1420:4:1423:Infinity:undefined:undefined:undefined:undefined":234,"s:1420:4:1423:Infinity":674,"s:1421:6:1421:Infinity":675,"s:1422:6:1422:Infinity":676,"s:1425:24:1425:53":677,"s:1426:19:1426:51":678,"s:1427:18:1427:48":679,"s:1428:17:1428:46":680,"s:1429:19:1429:79":681,"b:1429:19:1429:28:1429:32:1429:43:1429:47:1429:79":235,"s:1430:19:1430:35":682,"s:1431:20:1433:5":683,"f:1431:51:1431:52":114,"s:1432:6:1432:Infinity":684,"s:1435:4:1435:Infinity":685,"s:1436:4:1436:Infinity":686,"s:1437:4:1437:Infinity":687,"s:1438:4:1438:Infinity":688,"s:1439:4:1439:Infinity":689,"s:1440:4:1440:Infinity":690,"s:1441:4:1441:Infinity":691,"s:1442:4:1442:Infinity":692,"s:1443:4:1443:Infinity":693,"s:1444:4:1444:Infinity":694,"s:1445:4:1445:Infinity":695,"s:1446:4:1446:Infinity":696,"s:1448:17:1448:43":697,"b:1450:4:1452:Infinity:undefined:undefined:undefined:undefined":236,"s:1450:4:1452:Infinity":698,"s:1451:6:1451:Infinity":699,"s:1454:4:1454:Infinity":700,"b:1456:4:1464:Infinity:1462:11:1464:Infinity":237,"s:1456:4:1464:Infinity":701,"s:1457:20:1457:49":702,"s:1459:6:1459:Infinity":703,"s:1460:6:1460:Infinity":704,"s:1461:6:1461:Infinity":705,"s:1463:6:1463:Infinity":706,"f:1463:22:1463:23":115,"s:1463:34:1463:53":707,"s:1466:4:1466:Infinity":708,"s:1467:4:1467:Infinity":709,"s:1468:4:1468:Infinity":710,"s:1470:4:1470:Infinity":711,"s:1471:4:1471:Infinity":712,"s:1472:4:1472:Infinity":713,"s:1473:4:1473:Infinity":714,"s:1474:4:1474:Infinity":715,"f:1474:38:1474:39":116,"s:1474:44:1474:69":716,"b:1476:4:1480:Infinity:undefined:undefined:undefined:undefined":238,"s:1476:4:1480:Infinity":717,"s:1477:6:1479:Infinity":718,"f:1477:44:1477:45":117,"s:1478:8:1478:Infinity":719,"f:1478:19:1478:20":118,"s:1478:25:1478:50":720,"s:1482:4:1482:Infinity":721,"s:1484:4:1484:Infinity":722,"s:1487:2:1500:Infinity":723,"f:1488:4:1488:9":119,"s:1489:6:1489:Infinity":724,"f:1491:4:1491:8":120,"s:1492:6:1492:Infinity":725,"f:1494:4:1494:9":121,"s:1495:6:1495:Infinity":726,"f:1497:4:1497:10":122,"s:1498:6:1498:Infinity":727,"f:1502:11:1502:28":123,"b:1503:4:1505:Infinity:undefined:undefined:undefined:undefined":239,"s:1503:4:1505:Infinity":728,"s:1504:6:1504:Infinity":729,"b:1507:4:1509:Infinity:undefined:undefined:undefined:undefined":240,"s:1507:4:1509:Infinity":730,"s:1508:6:1508:Infinity":731,"b:1511:4:1513:Infinity:undefined:undefined:undefined:undefined":241,"s:1511:4:1513:Infinity":732,"s:1512:6:1512:Infinity":733,"b:1515:4:1521:Infinity:undefined:undefined:undefined:undefined":242,"s:1515:4:1521:Infinity":734,"b:1516:6:1518:Infinity:undefined:undefined:undefined:undefined":243,"s:1516:6:1518:Infinity":735,"s:1517:8:1517:Infinity":736,"s:1520:6:1520:Infinity":737,"s:1523:4:1523:Infinity":738,"f:1526:11:1526:30":124,"s:1527:19:1527:32":739,"s:1529:4:1529:Infinity":740,"b:1529:51:1529:57:1529:60:1529:68":244,"b:1529:11:1529:34:1529:38:1529:48":245,"f:1532:11:1532:33":125,"s:1534:6:1536:56":741,"b:1534:6:1534:23:1535:6:1535:49:1536:6:1536:56":246,"s:1537:19:1539:51":742,"b:1538:8:1538:Infinity:1539:8:1539:51":247,"b:1539:15:1539:25:1539:29:1539:39":248,"s:1540:18:1542:81":743,"f:1541:11:1541:12":126,"s:1541:22:1541:51":744,"f:1542:14:1542:15":127,"s:1542:38:1542:80":745,"b:1542:38:1542:47:1542:51:1542:80":249,"s:1544:4:1544:Infinity":746,"b:1544:30:1544:35:1544:38:1544:50":250,"f:1547:11:1547:30":128,"b:1548:4:1552:Infinity:undefined:undefined:undefined:undefined":251,"s:1548:4:1552:Infinity":747,"s:1549:6:1551:Infinity":748,"b:1550:10:1550:Infinity:1551:10:1551:24":252,"s:1554:21:1554:60":749,"s:1556:4:1556:Infinity":750,"b:1556:22:1556:54:1556:57:1556:61":253,"f:1559:11:1559:33":129,"b:1560:4:1566:Infinity:undefined:undefined:undefined:undefined":254,"s:1560:4:1566:Infinity":751,"s:1561:6:1565:Infinity":752,"s:1568:17:1568:64":753,"b:1568:47:1568:59:1568:62:1568:64":255,"s:1569:18:1569:51":754,"s:1571:4:1574:Infinity":755,"f:1577:11:1577:36":130,"s:1578:20:1578:98":756,"b:1578:44:1578:83:1578:86:1578:98":256,"b:1578:86:1578:92:1578:96:1578:98":257,"s:1579:18:1579:67":757,"b:1579:49:1579:62:1579:65:1579:67":258,"s:1580:18:1580:66":758,"s:1581:22:1581:68":759,"s:1583:4:1589:Infinity":760,"f:1592:11:1592:31":131,"b:1593:4:1595:Infinity:undefined:undefined:undefined:undefined":259,"s:1593:4:1595:Infinity":761,"s:1594:6:1594:Infinity":762,"s:1597:16:1597:44":763,"s:1598:19:1598:82":764,"b:1598:54:1598:73:1598:76:1598:82":260,"b:1598:19:1598:23:1598:27:1598:51":261,"s:1600:4:1605:Infinity":765,"f:1600:19:1600:20":132,"s:1601:19:1601:47":766,"s:1603:6:1603:Infinity":767,"b:1603:41:1603:43:1603:46:1603:59":262,"s:1604:6:1604:Infinity":768,"s:1607:4:1607:Infinity":769,"f:1610:11:1610:32":133,"s:1611:20:1611:60":770,"b:1611:20:1611:54:1611:58:1611:60":263,"s:1612:19:1612:33":771,"b:1614:4:1616:Infinity:undefined:undefined:undefined:undefined":264,"s:1614:4:1616:Infinity":772,"s:1615:6:1615:Infinity":773,"s:1618:4:1618:Infinity":774,"s:1619:4:1627:Infinity":775,"f:1619:25:1619:26":134,"s:1620:23:1620:73":776,"b:1622:6:1626:Infinity:1624:13:1626:Infinity":265,"s:1622:6:1626:Infinity":777,"s:1623:8:1623:Infinity":778,"b:1624:13:1626:Infinity:undefined:undefined:undefined:undefined":266,"s:1624:13:1626:Infinity":779,"s:1625:8:1625:Infinity":780,"f:1630:11:1630:29":135,"s:1631:18:1631:20":781,"b:1633:4:1639:Infinity:undefined:undefined:undefined:undefined":267,"s:1633:4:1639:Infinity":782,"s:1634:6:1636:Infinity":783,"s:1634:22:1634:23":784,"s:1635:8:1635:Infinity":785,"s:1638:6:1638:Infinity":786,"s:1641:4:1641:Infinity":787,"s:1643:22:1643:65":788,"s:1644:18:1644:54":789,"s:1645:16:1645:64":790,"b:1647:4:1649:Infinity:undefined:undefined:undefined:undefined":268,"s:1647:4:1649:Infinity":791,"s:1648:6:1648:Infinity":792,"s:1651:4:1653:Infinity":793,"s:1651:20:1651:25":794,"s:1652:6:1652:Infinity":795,"b:1655:4:1657:Infinity:undefined:undefined:undefined:undefined":269,"s:1655:4:1657:Infinity":796,"s:1656:6:1656:Infinity":797,"s:1659:4:1659:Infinity":798,"s:1661:4:1661:Infinity":799,"f:1664:11:1664:33":136,"s:1665:19:1665:51":800,"s:1667:4:1667:Infinity":801,"s:1668:4:1668:Infinity":802,"s:1669:4:1669:Infinity":803,"s:1670:4:1670:Infinity":804,"s:1672:4:1672:Infinity":805,"f:1675:11:1675:35":137,"s:1676:20:1676:60":806,"b:1676:20:1676:54:1676:58:1676:60":270,"s:1677:22:1677:38":807,"s:1678:17:1678:49":808,"s:1679:21:1679:61":809,"s:1680:20:1680:50":810,"s:1681:18:1681:48":811,"s:1682:17:1682:47":812,"s:1683:18:1683:49":813,"s:1684:19:1684:51":814,"s:1686:4:1686:Infinity":815,"s:1687:4:1687:Infinity":816,"s:1688:4:1688:Infinity":817,"s:1689:4:1689:Infinity":818,"s:1690:4:1690:Infinity":819,"s:1691:4:1691:Infinity":820,"s:1693:4:1715:Infinity":821,"f:1693:58:1693:59":138,"b:1694:6:1702:Infinity:undefined:undefined:undefined:undefined":271,"s:1694:6:1702:Infinity":822,"s:1695:25:1695:55":823,"s:1697:8:1697:Infinity":824,"s:1698:8:1698:Infinity":825,"s:1699:8:1699:Infinity":826,"s:1700:8:1700:Infinity":827,"s:1701:8:1701:Infinity":828,"s:1704:21:1704:78":829,"s:1706:6:1706:Infinity":830,"s:1707:6:1707:Infinity":831,"s:1708:6:1708:Infinity":832,"b:1710:6:1712:Infinity:undefined:undefined:undefined:undefined":272,"s:1710:6:1712:Infinity":833,"s:1711:8:1711:Infinity":834,"s:1714:6:1714:Infinity":835,"s:1717:4:1717:Infinity":836,"s:1718:4:1718:Infinity":837,"s:1719:4:1719:Infinity":838,"s:1721:4:1728:Infinity":839,"f:1721:30:1721:31":139,"s:1722:21:1722:53":840,"s:1724:6:1724:Infinity":841,"s:1725:6:1725:Infinity":842,"s:1726:6:1726:Infinity":843,"s:1727:6:1727:Infinity":844,"s:1730:4:1730:Infinity":845,"s:1731:4:1731:Infinity":846,"s:1732:4:1732:Infinity":847,"s:1733:4:1733:Infinity":848,"f:1736:11:1736:31":140,"s:1737:4:1737:Infinity":849,"b:1737:52:1737:58:1737:61:1737:68":273,"s:1738:4:1740:Infinity":850,"f:1738:59:1738:60":141,"s:1739:6:1739:Infinity":851,"f:1743:11:1743:32":142,"b:1744:4:1746:Infinity:undefined:undefined:undefined:undefined":274,"s:1744:4:1746:Infinity":852,"s:1745:6:1745:Infinity":853,"b:1748:4:1752:Infinity:1750:11:1752:Infinity":275,"s:1748:4:1752:Infinity":854,"s:1749:6:1749:Infinity":855,"s:1751:6:1751:Infinity":856,"s:1754:4:1759:Infinity":857,"f:1762:11:1762:27":143,"s:1763:20:1763:75":858,"b:1763:34:1763:68:1763:71:1763:75":276,"s:1764:18:1764:71":859,"b:1764:32:1764:64:1764:67:1764:71":277,"b:1766:4:1768:Infinity:undefined:undefined:undefined:undefined":278,"s:1766:4:1768:Infinity":860,"b:1766:8:1766:16:1766:20:1766:26":279,"s:1767:6:1767:Infinity":861,"s:1770:4:1770:Infinity":862,"s:1771:20:1771:33":863,"s:1773:4:1773:Infinity":864,"s:1775:4:1801:Infinity":865,"s:1776:6:1798:Infinity":866,"f:1777:14:1777:15":144,"b:1778:10:1780:Infinity:undefined:undefined:undefined:undefined":280,"s:1778:10:1780:Infinity":867,"s:1779:12:1779:Infinity":868,"s:1782:25:1782:68":869,"s:1784:10:1784:Infinity":870,"s:1785:10:1785:Infinity":871,"s:1786:10:1786:Infinity":872,"s:1787:10:1787:Infinity":873,"s:1788:10:1788:Infinity":874,"s:1789:10:1794:Infinity":875,"f:1796:15:1796:16":145,"s:1797:10:1797:Infinity":876,"s:1800:6:1800:Infinity":877,"s:1803:4:1803:Infinity":878,"f:1806:11:1806:28":146,"s:1807:18:1807:71":879,"b:1807:32:1807:64:1807:67:1807:71":281,"b:1809:4:1811:Infinity:undefined:undefined:undefined:undefined":282,"s:1809:4:1811:Infinity":880,"s:1810:6:1810:Infinity":881,"s:1813:4:1813:Infinity":882,"s:1815:4:1815:Infinity":883,"f:1818:11:1818:32":147,"s:1819:18:1819:71":884,"b:1819:32:1819:64:1819:67:1819:71":283,"b:1821:4:1823:Infinity:undefined:undefined:undefined:undefined":284,"s:1821:4:1823:Infinity":885,"s:1822:6:1822:Infinity":886,"s:1825:4:1825:Infinity":887,"s:1826:4:1826:Infinity":888,"s:1828:4:1828:Infinity":889,"f:1831:11:1831:32":148,"s:1832:24:1832:62":890,"s:1833:19:1833:67":891,"s:1834:18:1834:71":892,"b:1834:32:1834:64:1834:67:1834:71":285,"b:1836:4:1838:Infinity:undefined:undefined:undefined:undefined":286,"s:1836:4:1838:Infinity":893,"b:1836:8:1836:15:1836:19:1836:25:1836:29:1836:44":287,"s:1837:6:1837:Infinity":894,"s:1840:19:1840:64":895,"b:1842:4:1848:Infinity:1844:11:1848:Infinity":288,"s:1842:4:1848:Infinity":896,"s:1843:6:1843:Infinity":897,"b:1844:11:1848:Infinity:1846:11:1848:Infinity":289,"s:1844:11:1848:Infinity":898,"s:1845:6:1845:Infinity":899,"b:1846:11:1848:Infinity:undefined:undefined:undefined:undefined":290,"s:1846:11:1848:Infinity":900,"s:1847:6:1847:Infinity":901,"f:1851:11:1851:33":149,"b:1852:4:1854:Infinity:undefined:undefined:undefined:undefined":291,"s:1852:4:1854:Infinity":902,"s:1853:6:1853:Infinity":903,"f:1857:11:1857:26":150,"s:1858:24:1858:49":904,"b:1860:4:1862:Infinity:undefined:undefined:undefined:undefined":292,"s:1860:4:1862:Infinity":905,"s:1861:6:1861:Infinity":906,"s:1864:24:1864:92":907,"b:1864:78:1864:85:1864:89:1864:91":293,"s:1866:4:1866:Infinity":908,"s:1867:4:1867:Infinity":909,"s:1868:4:1871:Infinity":910,"b:1869:6:1869:26:1869:30:1869:72":294,"s:1872:4:1875:Infinity":911,"b:1873:6:1873:26:1873:30:1873:72":295,"s:1877:4:1877:Infinity":912,"b:1879:4:1892:Infinity:1886:11:1892:Infinity":296,"s:1879:4:1892:Infinity":913,"s:1880:20:1880:52":914,"b:1882:6:1885:Infinity:undefined:undefined:undefined:undefined":297,"s:1882:6:1885:Infinity":915,"b:1882:10:1882:17:1882:21:1882:37":298,"s:1883:8:1883:Infinity":916,"s:1884:8:1884:Infinity":917,"s:1887:6:1891:Infinity":918,"b:1894:4:1898:Infinity:undefined:undefined:undefined:undefined":299,"s:1894:4:1898:Infinity":919,"s:1895:6:1895:Infinity":920,"s:1896:6:1896:Infinity":921,"s:1897:6:1897:Infinity":922,"s:1900:4:1900:Infinity":923,"s:1902:4:1902:Infinity":924,"s:1905:2:1918:Infinity":925,"f:1906:4:1906:9":151,"s:1907:6:1907:Infinity":926,"f:1909:4:1909:8":152,"s:1910:6:1910:Infinity":927,"f:1912:4:1912:12":153,"s:1913:6:1913:Infinity":928,"f:1915:4:1915:11":154,"s:1916:6:1916:Infinity":929,"s:1920:2:1930:Infinity":930,"f:1920:48:1920:56":155,"s:1921:4:1921:Infinity":931,"s:1922:4:1922:Infinity":932,"s:1923:4:1925:Infinity":933,"f:1923:61:1923:62":156,"s:1924:6:1924:Infinity":934,"s:1926:4:1926:Infinity":935,"s:1927:4:1929:Infinity":936,"f:1927:59:1927:60":157,"s:1928:6:1928:Infinity":937,"s:1932:2:1932:Infinity":938,"s:1933:2:1933:Infinity":939,"s:1934:2:1934:Infinity":940,"s:1935:2:1935:Infinity":941,"s:1936:2:1936:Infinity":942,"b:1938:2:1956:Infinity:undefined:undefined:undefined:undefined":300,"s:1938:2:1956:Infinity":943,"b:1938:6:1938:17:1938:21:1938:35:1938:39:1938:60":301,"s:1939:4:1955:Infinity":944,"f:1939:27:1939:35":158,"s:1940:21:1940:37":945,"b:1940:21:1940:27:1940:31:1940:37":302,"s:1942:6:1954:Infinity":946,"f:1942:23:1942:31":159,"b:1943:8:1946:Infinity:undefined:undefined:undefined:undefined":303,"s:1943:8:1946:Infinity":947,"s:1944:10:1944:Infinity":948,"s:1945:10:1945:Infinity":949,"b:1948:8:1951:Infinity:undefined:undefined:undefined:undefined":304,"s:1948:8:1951:Infinity":950,"s:1949:10:1949:Infinity":951,"s:1950:10:1950:Infinity":952,"s:1953:8:1953:Infinity":953,"b:1958:2:1962:Infinity:undefined:undefined:undefined:undefined":305,"s:1958:2:1962:Infinity":954,"b:1958:6:1958:17:1958:21:1958:39":306,"s:1959:4:1961:Infinity":955,"f:1959:24:1959:32":160,"s:1960:6:1960:Infinity":956,"b:1964:2:1975:Infinity:undefined:undefined:undefined:undefined":307,"s:1964:2:1975:Infinity":957,"b:1964:6:1964:17:1964:21:1964:35:1964:39:1964:60":308,"s:1965:4:1974:Infinity":958,"f:1965:27:1965:35":161,"s:1966:6:1973:Infinity":959,"f:1966:23:1966:31":162,"b:1967:8:1970:Infinity:undefined:undefined:undefined:undefined":309,"s:1967:8:1970:Infinity":960,"s:1968:10:1968:Infinity":961,"s:1969:10:1969:Infinity":962,"s:1972:8:1972:Infinity":963,"b:1977:2:1988:Infinity:undefined:undefined:undefined:undefined":310,"s:1977:2:1988:Infinity":964,"b:1977:6:1977:17:1977:21:1977:35:1977:39:1977:59":311,"s:1978:4:1987:Infinity":965,"f:1978:26:1978:34":163,"s:1979:6:1986:Infinity":966,"f:1979:23:1979:31":164,"b:1980:8:1983:Infinity:undefined:undefined:undefined:undefined":312,"s:1980:8:1983:Infinity":967,"s:1981:10:1981:Infinity":968,"s:1982:10:1982:Infinity":969,"s:1985:8:1985:Infinity":970,"b:1990:2:2011:Infinity:undefined:undefined:undefined:undefined":313,"s:1990:2:2011:Infinity":971,"b:1990:6:1990:17:1990:21:1990:35:1990:39:1990:62":314,"s:1991:4:2010:Infinity":972,"f:1991:29:1991:37":165,"s:1992:6:2009:Infinity":973,"f:1992:23:1992:31":166,"b:1993:8:1996:Infinity:undefined:undefined:undefined:undefined":315,"s:1993:8:1996:Infinity":974,"s:1994:10:1994:Infinity":975,"s:1995:10:1995:Infinity":976,"b:1998:8:2001:Infinity:undefined:undefined:undefined:undefined":316,"s:1998:8:2001:Infinity":977,"s:1999:10:1999:Infinity":978,"s:2000:10:2000:Infinity":979,"b:2003:8:2006:Infinity:undefined:undefined:undefined:undefined":317,"s:2003:8:2006:Infinity":980,"s:2004:10:2004:Infinity":981,"s:2005:10:2005:Infinity":982,"s:2008:8:2008:Infinity":983,"b:2013:2:2019:Infinity:undefined:undefined:undefined:undefined":318,"s:2013:2:2019:Infinity":984,"b:2013:6:2013:17:2013:21:2013:35:2013:39:2013:63":319,"s:2014:4:2018:Infinity":985,"f:2014:30:2014:38":167,"s:2015:6:2017:Infinity":986,"f:2015:23:2015:31":168,"s:2016:8:2016:Infinity":987,"b:2021:2:2042:Infinity:undefined:undefined:undefined:undefined":320,"s:2021:2:2042:Infinity":988,"b:2021:6:2021:17:2021:21:2021:35:2021:39:2021:66":321,"s:2022:4:2041:Infinity":989,"f:2022:33:2022:41":169,"s:2023:6:2040:Infinity":990,"f:2023:23:2023:31":170,"b:2024:8:2027:Infinity:undefined:undefined:undefined:undefined":322,"s:2024:8:2027:Infinity":991,"s:2025:10:2025:Infinity":992,"s:2026:10:2026:Infinity":993,"b:2029:8:2032:Infinity:undefined:undefined:undefined:undefined":323,"s:2029:8:2032:Infinity":994,"s:2030:10:2030:Infinity":995,"s:2031:10:2031:Infinity":996,"b:2034:8:2037:Infinity:undefined:undefined:undefined:undefined":324,"s:2034:8:2037:Infinity":997,"s:2035:10:2035:Infinity":998,"s:2036:10:2036:Infinity":999,"s:2039:8:2039:Infinity":1000,"b:2044:2:2065:Infinity:undefined:undefined:undefined:undefined":325,"s:2044:2:2065:Infinity":1001,"b:2044:6:2044:17:2044:21:2044:35:2044:39:2044:65":326,"s:2045:4:2064:Infinity":1002,"f:2045:32:2045:40":171,"s:2046:6:2063:Infinity":1003,"f:2046:23:2046:31":172,"b:2047:8:2050:Infinity:undefined:undefined:undefined:undefined":327,"s:2047:8:2050:Infinity":1004,"s:2048:10:2048:Infinity":1005,"s:2049:10:2049:Infinity":1006,"b:2052:8:2055:Infinity:undefined:undefined:undefined:undefined":328,"s:2052:8:2055:Infinity":1007,"s:2053:10:2053:Infinity":1008,"s:2054:10:2054:Infinity":1009,"b:2057:8:2060:Infinity:undefined:undefined:undefined:undefined":329,"s:2057:8:2060:Infinity":1010,"s:2058:10:2058:Infinity":1011,"s:2059:10:2059:Infinity":1012,"s:2062:8:2062:Infinity":1013},"fnNames":{}}}
}
