TN:
SF:src/legacy.js
FN:1,(anonymous_0)
FN:18,(anonymous_1)
FN:42,resolveDialog
FN:66,getFocusableElement
FN:70,focusDialog
FN:93,lockScroll
FN:106,unlockScroll
FN:121,removeFromOpenDialogs
FN:129,restoreFocus
FN:143,handleClose
FN:160,closeDialogElement
FN:179,handleBackdropClick
FN:193,handleKeydown
FN:208,wireDialog
FN:218,openDialogElement
FN:257,toggleDialogElement
FN:266,open
FN:269,close
FN:272,toggle
FN:277,resolveToast
FN:297,normalizeToastPosition
FN:305,getToastRegion
FN:330,normalizeToastOptions
FN:340,resolveToastContainer
FN:360,setToastContent
FN:382,closeToastElement
FN:400,showToast
FN:437,(anonymous_27)
FN:449,(anonymous_28)
FN:458,clearToasts
FN:472,show
FN:475,close_2
FN:478,clear
FN:483,resolveElement
FN:499,resolvePopoverTrigger
FN:513,resolvePopover
FN:529,getTriggerPopover
FN:546,getPopoverPlacement
FN:554,positionPopover
FN:587,closePopover
FN:605,openPopover
FN:625,togglePopover
FN:635,handlePopoverClick
FN:640,handlePopoverKeydown
FN:657,handleDocumentPopoverClick
FN:674,handleDocumentPopoverKeydown
FN:683,updateOpenPopoverPosition
FN:695,wirePopoverTrigger
FN:726,setupPopover
FN:733,setup
FN:736,open_2
FN:739,close_3
FN:752,toggle_2
FN:757,resolveTabs
FN:781,getTabs
FN:782,(anonymous_55)
FN:790,(anonymous_56)
FN:795,getTabPanels
FN:796,(anonymous_58)
FN:801,getTabPanel
FN:815,selectTab
FN:822,(anonymous_61)
FN:841,selectTabByIndex
FN:852,handleTabClick
FN:860,handleTabKeydown
FN:887,setupTabs
FN:900,(anonymous_66)
FN:903,(anonymous_67)
FN:917,setup_2
FN:920,select
FN:935,resolveDragdropBoard
FN:959,getDragdropItems
FN:961,(anonymous_72)
FN:965,getDragdropColumnId
FN:969,getDragdropIndex
FN:973,getDragdropInsertBefore
FN:975,(anonymous_76)
FN:977,(anonymous_77)
FN:991,createDragdropPayload
FN:1011,callDragdropCallback
FN:1020,clearDragdropState
FN:1025,(anonymous_81)
FN:1031,handleDragdropStart
FN:1062,handleDragdropOver
FN:1081,(anonymous_84)
FN:1093,handleDragdropDrop
FN:1121,handleDragdropEnd
FN:1125,setupDragdrop
FN:1138,(anonymous_88)
FN:1158,setup_3
FN:1163,resolveMultiselect
FN:1191,getMultiselectPlaceholder
FN:1195,getMultiselectName
FN:1215,getMultiselectSelectedOptions
FN:1216,(anonymous_94)
FN:1219,getMultiselectButtonText
FN:1227,(anonymous_96)
FN:1233,getMultiselectOptions
FN:1237,updateMultiselect
FN:1245,(anonymous_99)
FN:1258,closeMultiselect
FN:1271,openMultiselect
FN:1278,(anonymous_102)
FN:1292,toggleMultiselect
FN:1304,toggleMultiselectOption
FN:1316,focusMultiselectOption
FN:1317,(anonymous_106)
FN:1325,handleMultiselectClick
FN:1343,handleMultiselectKeydown
FN:1367,(anonymous_109)
FN:1392,handleDocumentMultiselectClick
FN:1393,(anonymous_111)
FN:1400,createMultiselectOption
FN:1413,setupMultiselect
FN:1431,(anonymous_114)
FN:1463,(anonymous_115)
FN:1474,(anonymous_116)
FN:1477,(anonymous_117)
FN:1478,(anonymous_118)
FN:1488,setup_4
FN:1491,open_3
FN:1494,close_4
FN:1497,toggle_3
FN:1502,resolvePagination
FN:1526,getPaginationNumber
FN:1532,getPaginationPageSizes
FN:1541,(anonymous_126)
FN:1542,(anonymous_127)
FN:1547,getPaginationTarget
FN:1559,createPaginationResult
FN:1577,normalizePaginationResult
FN:1592,renderPaginationItem
FN:1600,(anonymous_132)
FN:1610,renderPaginationItems
FN:1619,(anonymous_134)
FN:1630,getPaginationPages
FN:1664,createPaginationButton
FN:1675,renderPaginationControls
FN:1693,(anonymous_138)
FN:1721,(anonymous_139)
FN:1736,setPaginationLoading
FN:1738,(anonymous_141)
FN:1743,handlePaginationError
FN:1762,updatePagination
FN:1777,(anonymous_144)
FN:1796,(anonymous_145)
FN:1806,setPaginationPage
FN:1818,setPaginationPageSize
FN:1831,handlePaginationClick
FN:1851,handlePaginationChange
FN:1857,setupPagination
FN:1906,setup_5
FN:1909,goTo
FN:1912,pageSize
FN:1915,refresh
FN:1920,(anonymous_155)
FN:1923,(anonymous_156)
FN:1927,(anonymous_157)
FN:1939,(anonymous_158)
FN:1942,(anonymous_159)
FN:1959,(anonymous_160)
FN:1965,(anonymous_161)
FN:1966,(anonymous_162)
FN:1978,(anonymous_163)
FN:1979,(anonymous_164)
FN:1991,(anonymous_165)
FN:1992,(anonymous_166)
FN:2014,(anonymous_167)
FN:2015,(anonymous_168)
FN:2022,(anonymous_169)
FN:2023,(anonymous_170)
FN:2045,(anonymous_171)
FN:2046,(anonymous_172)
FNF:173
FNH:136
FNDA:14,(anonymous_0)
FNDA:4,(anonymous_1)
FNDA:5,resolveDialog
FNDA:4,getFocusableElement
FNDA:4,focusDialog
FNDA:4,lockScroll
FNDA:3,unlockScroll
FNDA:3,removeFromOpenDialogs
FNDA:3,restoreFocus
FNDA:3,handleClose
FNDA:3,closeDialogElement
FNDA:1,handleBackdropClick
FNDA:1,handleKeydown
FNDA:4,wireDialog
FNDA:4,openDialogElement
FNDA:1,toggleDialogElement
FNDA:4,open
FNDA:0,close
FNDA:1,toggle
FNDA:0,resolveToast
FNDA:1,normalizeToastPosition
FNDA:1,getToastRegion
FNDA:2,normalizeToastOptions
FNDA:2,resolveToastContainer
FNDA:2,setToastContent
FNDA:2,closeToastElement
FNDA:2,showToast
FNDA:0,(anonymous_27)
FNDA:1,(anonymous_28)
FNDA:1,clearToasts
FNDA:2,show
FNDA:0,close_2
FNDA:1,clear
FNDA:5,resolveElement
FNDA:5,resolvePopoverTrigger
FNDA:0,resolvePopover
FNDA:16,getTriggerPopover
FNDA:4,getPopoverPlacement
FNDA:4,positionPopover
FNDA:3,closePopover
FNDA:4,openPopover
FNDA:1,togglePopover
FNDA:1,handlePopoverClick
FNDA:0,handlePopoverKeydown
FNDA:5,handleDocumentPopoverClick
FNDA:7,handleDocumentPopoverKeydown
FNDA:0,updateOpenPopoverPosition
FNDA:6,wirePopoverTrigger
FNDA:2,setupPopover
FNDA:2,setup
FNDA:3,open_2
FNDA:0,close_3
FNDA:0,toggle_2
FNDA:11,resolveTabs
FNDA:11,getTabs
FNDA:11,(anonymous_55)
FNDA:22,(anonymous_56)
FNDA:2,getTabPanels
FNDA:6,(anonymous_58)
FNDA:12,getTabPanel
FNDA:6,selectTab
FNDA:12,(anonymous_61)
FNDA:2,selectTabByIndex
FNDA:1,handleTabClick
FNDA:1,handleTabKeydown
FNDA:2,setupTabs
FNDA:3,(anonymous_66)
FNDA:4,(anonymous_67)
FNDA:2,setup_2
FNDA:2,select
FNDA:2,resolveDragdropBoard
FNDA:4,getDragdropItems
FNDA:3,(anonymous_72)
FNDA:4,getDragdropColumnId
FNDA:3,getDragdropIndex
FNDA:1,getDragdropInsertBefore
FNDA:0,(anonymous_76)
FNDA:0,(anonymous_77)
FNDA:2,createDragdropPayload
FNDA:3,callDragdropCallback
FNDA:1,clearDragdropState
FNDA:1,(anonymous_81)
FNDA:1,handleDragdropStart
FNDA:1,handleDragdropOver
FNDA:0,(anonymous_84)
FNDA:1,handleDragdropDrop
FNDA:0,handleDragdropEnd
FNDA:1,setupDragdrop
FNDA:1,(anonymous_88)
FNDA:1,setup_3
FNDA:8,resolveMultiselect
FNDA:1,getMultiselectPlaceholder
FNDA:2,getMultiselectName
FNDA:6,getMultiselectSelectedOptions
FNDA:15,(anonymous_94)
FNDA:6,getMultiselectButtonText
FNDA:7,(anonymous_96)
FNDA:4,getMultiselectOptions
FNDA:6,updateMultiselect
FNDA:15,(anonymous_99)
FNDA:1,closeMultiselect
FNDA:2,openMultiselect
FNDA:0,(anonymous_102)
FNDA:0,toggleMultiselect
FNDA:2,toggleMultiselectOption
FNDA:2,focusMultiselectOption
FNDA:4,(anonymous_106)
FNDA:1,handleMultiselectClick
FNDA:4,handleMultiselectKeydown
FNDA:4,(anonymous_109)
FNDA:5,handleDocumentMultiselectClick
FNDA:1,(anonymous_111)
FNDA:5,createMultiselectOption
FNDA:2,setupMultiselect
FNDA:5,(anonymous_114)
FNDA:5,(anonymous_115)
FNDA:2,(anonymous_116)
FNDA:0,(anonymous_117)
FNDA:0,(anonymous_118)
FNDA:2,setup_4
FNDA:1,open_3
FNDA:0,close_4
FNDA:0,toggle_3
FNDA:4,resolvePagination
FNDA:28,getPaginationNumber
FNDA:2,getPaginationPageSizes
FNDA:3,(anonymous_126)
FNDA:3,(anonymous_127)
FNDA:2,getPaginationTarget
FNDA:5,createPaginationResult
FNDA:4,normalizePaginationResult
FNDA:6,renderPaginationItem
FNDA:8,(anonymous_132)
FNDA:4,renderPaginationItems
FNDA:6,(anonymous_134)
FNDA:5,getPaginationPages
FNDA:21,createPaginationButton
FNDA:5,renderPaginationControls
FNDA:11,(anonymous_138)
FNDA:8,(anonymous_139)
FNDA:5,setPaginationLoading
FNDA:15,(anonymous_141)
FNDA:1,handlePaginationError
FNDA:5,updatePagination
FNDA:4,(anonymous_144)
FNDA:1,(anonymous_145)
FNDA:1,setPaginationPage
FNDA:1,setPaginationPageSize
FNDA:0,handlePaginationClick
FNDA:1,handlePaginationChange
FNDA:2,setupPagination
FNDA:2,setup_5
FNDA:1,goTo
FNDA:0,pageSize
FNDA:1,refresh
FNDA:0,(anonymous_155)
FNDA:0,(anonymous_156)
FNDA:0,(anonymous_157)
FNDA:1,(anonymous_158)
FNDA:1,(anonymous_159)
FNDA:0,(anonymous_160)
FNDA:0,(anonymous_161)
FNDA:0,(anonymous_162)
FNDA:0,(anonymous_163)
FNDA:0,(anonymous_164)
FNDA:0,(anonymous_165)
FNDA:0,(anonymous_166)
FNDA:0,(anonymous_167)
FNDA:0,(anonymous_168)
FNDA:0,(anonymous_169)
FNDA:0,(anonymous_170)
FNDA:0,(anonymous_171)
FNDA:0,(anonymous_172)
DA:1,14
DA:2,14
DA:3,14
DA:4,14
DA:5,14
DA:6,14
DA:7,14
DA:8,14
DA:9,14
DA:10,14
DA:11,14
DA:12,14
DA:13,14
DA:14,14
DA:15,14
DA:16,14
DA:17,14
DA:18,14
DA:19,14
DA:20,14
DA:21,14
DA:22,14
DA:23,14
DA:24,14
DA:26,14
DA:27,14
DA:28,14
DA:29,14
DA:30,14
DA:31,14
DA:33,14
DA:43,5
DA:44,0
DA:47,5
DA:48,0
DA:51,5
DA:52,1
DA:55,4
DA:56,4
DA:59,0
DA:60,0
DA:63,0
DA:67,4
DA:71,4
DA:73,4
DA:74,3
DA:75,3
DA:77,0
DA:79,3
DA:82,1
DA:83,1
DA:86,1
DA:87,1
DA:89,0
DA:94,4
DA:95,0
DA:96,0
DA:99,4
DA:100,4
DA:101,4
DA:102,4
DA:103,4
DA:107,3
DA:108,0
DA:111,3
DA:113,3
DA:114,0
DA:117,3
DA:118,3
DA:122,3
DA:124,3
DA:125,3
DA:130,3
DA:132,3
DA:133,3
DA:134,3
DA:136,0
DA:140,3
DA:144,3
DA:146,3
DA:147,3
DA:148,3
DA:150,3
DA:151,3
DA:152,3
DA:154,3
DA:155,3
DA:161,3
DA:162,0
DA:165,3
DA:166,0
DA:169,3
DA:170,0
DA:172,3
DA:173,3
DA:176,3
DA:180,1
DA:181,1
DA:183,1
DA:184,0
DA:185,0
DA:188,1
DA:189,1
DA:194,1
DA:195,0
DA:198,1
DA:200,1
DA:201,0
DA:204,1
DA:205,1
DA:209,4
DA:210,1
DA:213,3
DA:214,3
DA:215,3
DA:219,4
DA:220,0
DA:223,4
DA:225,4
DA:226,0
DA:229,4
DA:230,4
DA:232,4
DA:233,4
DA:234,0
DA:236,4
DA:239,4
DA:240,4
DA:241,4
DA:244,4
DA:245,4
DA:248,4
DA:250,4
DA:251,4
DA:254,4
DA:258,1
DA:259,0
DA:262,1
DA:265,14
DA:267,4
DA:270,0
DA:273,1
DA:278,0
DA:279,0
DA:282,0
DA:283,0
DA:286,0
DA:287,0
DA:290,0
DA:291,0
DA:294,0
DA:298,1
DA:306,1
DA:307,1
DA:315,1
DA:316,0
DA:319,1
DA:320,1
DA:321,1
DA:322,1
DA:323,1
DA:324,1
DA:325,1
DA:327,1
DA:331,2
DA:332,1
DA:335,1
DA:341,2
DA:342,0
DA:345,2
DA:346,0
DA:349,2
DA:350,2
DA:353,0
DA:354,0
DA:357,0
DA:361,2
DA:362,2
DA:364,2
DA:365,1
DA:366,1
DA:367,1
DA:368,1
DA:371,2
DA:372,0
DA:374,2
DA:375,2
DA:376,2
DA:379,2
DA:383,2
DA:384,0
DA:387,2
DA:389,2
DA:390,0
DA:391,0
DA:394,2
DA:395,2
DA:397,2
DA:401,2
DA:402,2
DA:407,2
DA:410,2
DA:412,2
DA:414,2
DA:415,0
DA:418,2
DA:419,2
DA:420,2
DA:422,2
DA:423,2
DA:426,2
DA:428,2
DA:429,2
DA:430,2
DA:431,2
DA:432,2
DA:436,2
DA:437,2
DA:438,0
DA:440,2
DA:443,2
DA:444,2
DA:446,2
DA:447,1
DA:450,1
DA:455,2
DA:459,1
DA:462,1
DA:466,1
DA:468,1
DA:471,14
DA:473,2
DA:476,0
DA:479,1
DA:484,5
DA:485,0
DA:488,5
DA:489,0
DA:492,5
DA:493,1
DA:496,4
DA:500,5
DA:502,5
DA:503,0
DA:506,5
DA:507,5
DA:510,0
DA:514,0
DA:516,0
DA:517,0
DA:520,0
DA:521,0
DA:524,0
DA:526,0
DA:531,16
DA:535,16
DA:536,0
DA:539,16
DA:540,16
DA:543,0
DA:547,4
DA:549,4
DA:555,4
DA:556,4
DA:557,4
DA:558,4
DA:559,4
DA:560,4
DA:561,4
DA:563,4
DA:564,0
DA:565,0
DA:566,4
DA:567,0
DA:568,0
DA:569,4
DA:570,0
DA:571,0
DA:574,4
DA:578,4
DA:583,4
DA:584,4
DA:588,3
DA:589,3
DA:591,3
DA:592,0
DA:595,3
DA:596,3
DA:598,3
DA:599,3
DA:602,3
DA:606,4
DA:608,4
DA:609,0
DA:612,4
DA:613,1
DA:616,4
DA:617,4
DA:618,4
DA:619,4
DA:620,4
DA:622,4
DA:626,1
DA:628,1
DA:629,0
DA:632,1
DA:636,1
DA:637,1
DA:641,0
DA:642,0
DA:645,0
DA:646,0
DA:648,0
DA:649,0
DA:652,0
DA:653,0
DA:654,0
DA:658,5
DA:659,3
DA:662,2
DA:664,2
DA:668,1
DA:671,1
DA:675,7
DA:676,6
DA:679,1
DA:680,1
DA:684,0
DA:685,0
DA:688,0
DA:690,0
DA:691,0
DA:696,6
DA:698,6
DA:699,0
DA:702,6
DA:703,0
DA:706,6
DA:707,6
DA:709,6
DA:710,6
DA:713,6
DA:714,3
DA:717,6
DA:718,3
DA:719,3
DA:720,3
DA:723,6
DA:727,2
DA:729,2
DA:732,14
DA:734,2
DA:737,3
DA:740,0
DA:742,0
DA:743,0
DA:746,0
DA:748,0
DA:753,0
DA:758,11
DA:759,0
DA:762,11
DA:763,0
DA:766,11
DA:767,4
DA:770,7
DA:771,7
DA:772,1
DA:775,6
DA:778,0
DA:782,11
DA:783,11
DA:786,11
DA:787,0
DA:790,11
DA:791,22
DA:796,2
DA:797,6
DA:802,12
DA:804,12
DA:805,0
DA:808,12
DA:809,12
DA:811,0
DA:816,6
DA:818,6
DA:819,0
DA:822,6
DA:823,12
DA:824,12
DA:826,12
DA:827,12
DA:829,12
DA:830,12
DA:834,6
DA:835,1
DA:838,6
DA:842,2
DA:843,2
DA:845,2
DA:846,0
DA:849,2
DA:853,1
DA:855,1
DA:856,1
DA:861,1
DA:862,1
DA:863,1
DA:865,1
DA:866,0
DA:869,1
DA:871,1
DA:872,1
DA:873,0
DA:874,0
DA:875,0
DA:876,0
DA:877,0
DA:878,0
DA:880,0
DA:883,1
DA:884,1
DA:888,2
DA:890,2
DA:891,0
DA:894,2
DA:895,2
DA:896,2
DA:898,2
DA:900,3
DA:903,2
DA:904,4
DA:905,4
DA:909,2
DA:910,2
DA:913,2
DA:916,14
DA:918,2
DA:921,2
DA:923,2
DA:924,0
DA:927,2
DA:928,1
DA:931,1
DA:936,2
DA:937,0
DA:940,2
DA:941,0
DA:944,2
DA:945,0
DA:948,2
DA:949,2
DA:950,2
DA:953,0
DA:956,0
DA:960,4
DA:961,3
DA:966,4
DA:970,3
DA:974,1
DA:975,0
DA:978,0
DA:979,0
DA:981,0
DA:982,0
DA:985,0
DA:992,2
DA:993,0
DA:996,2
DA:998,2
DA:1012,3
DA:1013,3
DA:1015,3
DA:1016,3
DA:1021,1
DA:1022,1
DA:1023,1
DA:1025,1
DA:1028,1
DA:1032,1
DA:1033,1
DA:1035,1
DA:1036,0
DA:1039,1
DA:1041,1
DA:1042,0
DA:1045,1
DA:1052,1
DA:1054,1
DA:1055,1
DA:1056,1
DA:1059,1
DA:1063,1
DA:1064,0
DA:1067,1
DA:1069,1
DA:1070,0
DA:1073,1
DA:1075,1
DA:1076,1
DA:1079,1
DA:1082,0
DA:1083,0
DA:1087,1
DA:1089,1
DA:1090,1
DA:1094,1
DA:1095,0
DA:1098,1
DA:1100,1
DA:1101,0
DA:1104,1
DA:1106,1
DA:1107,1
DA:1108,1
DA:1110,1
DA:1111,1
DA:1113,1
DA:1114,1
DA:1118,1
DA:1122,0
DA:1126,1
DA:1128,1
DA:1129,0
DA:1132,1
DA:1133,1
DA:1134,0
DA:1135,0
DA:1138,1
DA:1139,1
DA:1140,1
DA:1144,1
DA:1145,0
DA:1148,1
DA:1149,1
DA:1150,1
DA:1151,1
DA:1152,1
DA:1154,1
DA:1157,14
DA:1159,1
DA:1164,8
DA:1165,0
DA:1168,8
DA:1169,0
DA:1172,8
DA:1173,0
DA:1176,8
DA:1177,0
DA:1180,8
DA:1181,2
DA:1184,6
DA:1188,8
DA:1192,1
DA:1196,2
DA:1198,2
DA:1199,0
DA:1202,2
DA:1203,0
DA:1206,2
DA:1207,2
DA:1209,2
DA:1211,0
DA:1216,15
DA:1220,6
DA:1222,6
DA:1223,1
DA:1226,5
DA:1227,7
DA:1230,0
DA:1234,4
DA:1238,6
DA:1240,6
DA:1241,0
DA:1244,6
DA:1245,6
DA:1246,15
DA:1248,15
DA:1249,15
DA:1250,15
DA:1253,6
DA:1255,6
DA:1259,1
DA:1261,1
DA:1262,0
DA:1265,1
DA:1266,1
DA:1268,1
DA:1272,2
DA:1274,2
DA:1275,0
DA:1278,2
DA:1279,0
DA:1281,0
DA:1282,0
DA:1286,2
DA:1287,2
DA:1289,2
DA:1293,0
DA:1295,0
DA:1296,0
DA:1299,0
DA:1305,2
DA:1307,2
DA:1308,0
DA:1311,2
DA:1312,2
DA:1313,2
DA:1317,4
DA:1318,2
DA:1320,2
DA:1321,2
DA:1326,1
DA:1327,1
DA:1329,1
DA:1330,0
DA:1333,1
DA:1334,1
DA:1335,1
DA:1338,0
DA:1339,0
DA:1344,4
DA:1345,4
DA:1347,4
DA:1348,0
DA:1351,4
DA:1352,1
DA:1353,1
DA:1354,1
DA:1357,3
DA:1358,1
DA:1359,1
DA:1360,1
DA:1361,1
DA:1364,1
DA:1367,4
DA:1368,2
DA:1370,2
DA:1371,0
DA:1374,2
DA:1375,1
DA:1376,1
DA:1377,1
DA:1378,0
DA:1379,0
DA:1380,1
DA:1381,0
DA:1382,0
DA:1383,1
DA:1384,0
DA:1385,0
DA:1386,1
DA:1387,1
DA:1388,1
DA:1393,5
DA:1394,1
DA:1395,0
DA:1401,5
DA:1403,5
DA:1404,5
DA:1405,5
DA:1406,5
DA:1407,5
DA:1408,5
DA:1410,5
DA:1414,2
DA:1416,2
DA:1417,0
DA:1420,2
DA:1421,0
DA:1422,0
DA:1425,2
DA:1426,2
DA:1427,2
DA:1428,2
DA:1429,2
DA:1430,2
DA:1431,2
DA:1432,5
DA:1435,2
DA:1436,2
DA:1437,2
DA:1438,2
DA:1439,2
DA:1440,2
DA:1441,2
DA:1442,2
DA:1443,2
DA:1444,2
DA:1445,2
DA:1446,2
DA:1448,2
DA:1450,2
DA:1451,1
DA:1454,2
DA:1456,2
DA:1457,0
DA:1459,0
DA:1460,0
DA:1461,0
DA:1463,5
DA:1466,2
DA:1467,2
DA:1468,2
DA:1470,2
DA:1471,2
DA:1472,2
DA:1473,2
DA:1474,2
DA:1476,2
DA:1477,0
DA:1478,0
DA:1482,2
DA:1484,2
DA:1487,14
DA:1489,2
DA:1492,1
DA:1495,0
DA:1498,0
DA:1503,4
DA:1504,0
DA:1507,4
DA:1508,0
DA:1511,4
DA:1512,4
DA:1515,0
DA:1516,0
DA:1517,0
DA:1520,0
DA:1523,0
DA:1527,28
DA:1529,28
DA:1534,2
DA:1537,2
DA:1540,2
DA:1541,3
DA:1542,3
DA:1544,2
DA:1548,2
DA:1549,2
DA:1554,0
DA:1556,0
DA:1560,5
DA:1561,2
DA:1568,3
DA:1569,5
DA:1571,5
DA:1578,4
DA:1579,4
DA:1580,4
DA:1581,4
DA:1583,4
DA:1593,6
DA:1594,2
DA:1597,4
DA:1598,4
DA:1600,6
DA:1601,8
DA:1603,8
DA:1604,8
DA:1607,6
DA:1611,4
DA:1612,4
DA:1614,4
DA:1615,0
DA:1618,4
DA:1619,4
DA:1620,6
DA:1622,6
DA:1623,0
DA:1624,6
DA:1625,6
DA:1631,5
DA:1633,5
DA:1634,5
DA:1635,11
DA:1638,5
DA:1641,0
DA:1643,0
DA:1644,0
DA:1645,0
DA:1647,0
DA:1648,0
DA:1651,0
DA:1652,0
DA:1655,0
DA:1656,0
DA:1659,0
DA:1661,0
DA:1665,21
DA:1667,21
DA:1668,21
DA:1669,21
DA:1670,21
DA:1672,21
DA:1676,5
DA:1677,5
DA:1678,5
DA:1679,5
DA:1680,5
DA:1681,5
DA:1682,5
DA:1683,5
DA:1684,5
DA:1686,5
DA:1687,5
DA:1688,5
DA:1689,5
DA:1690,5
DA:1691,5
DA:1693,5
DA:1694,11
DA:1695,0
DA:1697,0
DA:1698,0
DA:1699,0
DA:1700,0
DA:1701,0
DA:1704,11
DA:1706,11
DA:1707,11
DA:1708,11
DA:1710,11
DA:1711,5
DA:1714,11
DA:1717,5
DA:1718,5
DA:1719,5
DA:1721,5
DA:1722,8
DA:1724,8
DA:1725,8
DA:1726,8
DA:1727,8
DA:1730,5
DA:1731,5
DA:1732,5
DA:1733,5
DA:1737,5
DA:1738,5
DA:1739,15
DA:1744,1
DA:1745,0
DA:1748,1
DA:1749,1
DA:1751,0
DA:1754,1
DA:1763,5
DA:1764,5
DA:1766,5
DA:1767,0
DA:1770,5
DA:1771,5
DA:1773,5
DA:1775,5
DA:1776,5
DA:1778,4
DA:1779,0
DA:1782,4
DA:1784,4
DA:1785,4
DA:1786,4
DA:1787,4
DA:1788,4
DA:1789,4
DA:1797,1
DA:1800,0
DA:1803,5
DA:1807,1
DA:1809,1
DA:1810,0
DA:1813,1
DA:1815,1
DA:1819,1
DA:1821,1
DA:1822,0
DA:1825,1
DA:1826,1
DA:1828,1
DA:1832,0
DA:1833,0
DA:1834,0
DA:1836,0
DA:1837,0
DA:1840,0
DA:1842,0
DA:1843,0
DA:1844,0
DA:1845,0
DA:1846,0
DA:1847,0
DA:1852,1
DA:1853,1
DA:1858,2
DA:1860,2
DA:1861,0
DA:1864,2
DA:1866,2
DA:1867,2
DA:1868,2
DA:1872,2
DA:1877,2
DA:1879,2
DA:1880,0
DA:1882,0
DA:1883,0
DA:1884,0
DA:1887,2
DA:1894,2
DA:1895,2
DA:1896,2
DA:1897,2
DA:1900,2
DA:1902,2
DA:1905,14
DA:1907,2
DA:1910,1
DA:1913,0
DA:1916,1
DA:1920,14
DA:1921,0
DA:1922,0
DA:1923,0
DA:1924,0
DA:1926,0
DA:1927,0
DA:1928,0
DA:1932,14
DA:1933,14
DA:1934,14
DA:1935,14
DA:1936,14
DA:1938,14
DA:1939,1
DA:1940,1
DA:1942,1
DA:1943,1
DA:1944,0
DA:1945,0
DA:1948,1
DA:1949,0
DA:1950,0
DA:1953,1
DA:1958,14
DA:1959,1
DA:1960,0
DA:1964,14
DA:1965,1
DA:1966,0
DA:1967,0
DA:1968,0
DA:1969,0
DA:1972,0
DA:1977,14
DA:1978,1
DA:1979,0
DA:1980,0
DA:1981,0
DA:1982,0
DA:1985,0
DA:1990,14
DA:1991,1
DA:1992,0
DA:1993,0
DA:1994,0
DA:1995,0
DA:1998,0
DA:1999,0
DA:2000,0
DA:2003,0
DA:2004,0
DA:2005,0
DA:2008,0
DA:2013,14
DA:2014,1
DA:2015,0
DA:2016,0
DA:2021,14
DA:2022,1
DA:2023,0
DA:2024,0
DA:2025,0
DA:2026,0
DA:2029,0
DA:2030,0
DA:2031,0
DA:2034,0
DA:2035,0
DA:2036,0
DA:2039,0
DA:2044,14
DA:2045,1
DA:2046,0
DA:2047,0
DA:2048,0
DA:2049,0
DA:2052,0
DA:2053,0
DA:2054,0
DA:2057,0
DA:2058,0
DA:2059,0
DA:2062,0
LF:1003
LH:717
BRDA:3,0,0,14
BRDA:3,0,1,14
BRDA:43,1,0,0
BRDA:43,1,1,5
BRDA:47,2,0,0
BRDA:47,2,1,5
BRDA:51,3,0,1
BRDA:51,3,1,4
BRDA:55,4,0,4
BRDA:55,4,1,0
BRDA:55,5,0,4
BRDA:55,5,1,4
BRDA:59,6,0,0
BRDA:59,6,1,0
BRDA:59,7,0,0
BRDA:59,7,1,0
BRDA:73,8,0,3
BRDA:73,8,1,1
BRDA:82,9,0,1
BRDA:82,9,1,0
BRDA:94,10,0,0
BRDA:94,10,1,4
BRDA:107,11,0,0
BRDA:107,11,1,3
BRDA:113,12,0,0
BRDA:113,12,1,3
BRDA:124,13,0,3
BRDA:124,13,1,0
BRDA:132,14,0,3
BRDA:132,14,1,0
BRDA:132,15,0,3
BRDA:132,15,1,3
BRDA:132,15,2,3
BRDA:150,16,0,3
BRDA:150,16,1,0
BRDA:154,17,0,3
BRDA:154,17,1,0
BRDA:160,18,0,3
BRDA:161,19,0,0
BRDA:161,19,1,3
BRDA:165,20,0,0
BRDA:165,20,1,3
BRDA:169,21,0,0
BRDA:169,21,1,3
BRDA:183,22,0,0
BRDA:183,22,1,1
BRDA:188,23,0,1
BRDA:188,23,1,0
BRDA:188,24,0,1
BRDA:188,24,1,1
BRDA:194,25,0,0
BRDA:194,25,1,1
BRDA:200,26,0,0
BRDA:200,26,1,1
BRDA:200,27,0,1
BRDA:200,27,1,1
BRDA:209,28,0,1
BRDA:209,28,1,3
BRDA:219,29,0,0
BRDA:219,29,1,4
BRDA:225,30,0,0
BRDA:225,30,1,4
BRDA:229,31,0,4
BRDA:229,31,1,0
BRDA:233,32,0,0
BRDA:233,32,1,4
BRDA:233,33,0,4
BRDA:233,33,1,4
BRDA:244,34,0,4
BRDA:244,34,1,0
BRDA:250,35,0,4
BRDA:250,35,1,0
BRDA:258,36,0,0
BRDA:258,36,1,1
BRDA:262,37,0,1
BRDA:262,37,1,0
BRDA:278,38,0,0
BRDA:278,38,1,0
BRDA:282,39,0,0
BRDA:282,39,1,0
BRDA:286,40,0,0
BRDA:286,40,1,0
BRDA:290,41,0,0
BRDA:290,41,1,0
BRDA:290,42,0,0
BRDA:290,42,1,0
BRDA:298,43,0,1
BRDA:298,43,1,0
BRDA:315,44,0,0
BRDA:315,44,1,1
BRDA:331,45,0,1
BRDA:331,45,1,1
BRDA:331,46,0,2
BRDA:331,46,1,2
BRDA:331,46,2,1
BRDA:331,46,3,1
BRDA:336,47,0,0
BRDA:336,47,1,1
BRDA:336,48,0,1
BRDA:336,48,1,1
BRDA:341,49,0,0
BRDA:341,49,1,2
BRDA:345,50,0,0
BRDA:345,50,1,2
BRDA:349,51,0,2
BRDA:349,51,1,0
BRDA:353,52,0,0
BRDA:353,52,1,0
BRDA:364,53,0,1
BRDA:364,53,1,1
BRDA:371,54,0,0
BRDA:371,54,1,2
BRDA:371,55,0,2
BRDA:371,55,1,2
BRDA:375,56,0,2
BRDA:375,56,1,0
BRDA:383,57,0,0
BRDA:383,57,1,2
BRDA:389,58,0,0
BRDA:389,58,1,2
BRDA:402,59,0,2
BRDA:402,59,1,0
BRDA:407,60,0,1
BRDA:407,60,1,1
BRDA:412,61,0,1
BRDA:412,61,1,1
BRDA:414,62,0,0
BRDA:414,62,1,2
BRDA:420,63,0,1
BRDA:420,63,1,1
BRDA:422,64,0,2
BRDA:422,64,1,0
BRDA:428,65,0,2
BRDA:428,65,1,0
BRDA:434,66,0,2
BRDA:434,66,1,2
BRDA:436,67,0,2
BRDA:436,67,1,2
BRDA:446,68,0,1
BRDA:446,68,1,1
BRDA:459,69,0,1
BRDA:459,69,1,0
BRDA:462,70,0,1
BRDA:462,70,1,0
BRDA:484,71,0,0
BRDA:484,71,1,5
BRDA:488,72,0,0
BRDA:488,72,1,5
BRDA:492,73,0,1
BRDA:492,73,1,4
BRDA:496,74,0,4
BRDA:496,74,1,0
BRDA:502,75,0,0
BRDA:502,75,1,5
BRDA:506,76,0,5
BRDA:506,76,1,0
BRDA:516,77,0,0
BRDA:516,77,1,0
BRDA:520,78,0,0
BRDA:520,78,1,0
BRDA:526,79,0,0
BRDA:526,79,1,0
BRDA:531,80,0,16
BRDA:531,80,1,0
BRDA:531,80,2,0
BRDA:535,81,0,0
BRDA:535,81,1,16
BRDA:539,82,0,16
BRDA:539,82,1,0
BRDA:549,83,0,0
BRDA:549,83,1,4
BRDA:563,84,0,0
BRDA:563,84,1,4
BRDA:566,85,0,0
BRDA:566,85,1,4
BRDA:569,86,0,0
BRDA:569,86,1,4
BRDA:588,87,0,3
BRDA:588,87,1,0
BRDA:589,88,0,3
BRDA:589,88,1,0
BRDA:591,89,0,0
BRDA:591,89,1,3
BRDA:591,90,0,3
BRDA:591,90,1,3
BRDA:598,91,0,3
BRDA:598,91,1,0
BRDA:606,92,0,4
BRDA:606,92,1,0
BRDA:608,93,0,0
BRDA:608,93,1,4
BRDA:608,94,0,4
BRDA:608,94,1,4
BRDA:612,95,0,1
BRDA:612,95,1,3
BRDA:612,96,0,4
BRDA:612,96,1,1
BRDA:626,97,0,1
BRDA:626,97,1,0
BRDA:628,98,0,0
BRDA:628,98,1,1
BRDA:632,99,0,1
BRDA:632,99,1,0
BRDA:641,100,0,0
BRDA:641,100,1,0
BRDA:648,101,0,0
BRDA:648,101,1,0
BRDA:648,102,0,0
BRDA:648,102,1,0
BRDA:658,103,0,3
BRDA:658,103,1,2
BRDA:664,104,0,1
BRDA:664,104,1,1
BRDA:665,105,0,2
BRDA:665,105,1,1
BRDA:665,105,2,1
BRDA:675,106,0,6
BRDA:675,106,1,1
BRDA:675,107,0,7
BRDA:675,107,1,3
BRDA:684,108,0,0
BRDA:684,108,1,0
BRDA:690,109,0,0
BRDA:690,109,1,0
BRDA:690,110,0,0
BRDA:690,110,1,0
BRDA:698,111,0,0
BRDA:698,111,1,6
BRDA:702,112,0,0
BRDA:702,112,1,6
BRDA:702,113,0,6
BRDA:702,113,1,0
BRDA:707,114,0,6
BRDA:707,114,1,0
BRDA:709,115,0,6
BRDA:709,115,1,0
BRDA:713,116,0,3
BRDA:713,116,1,3
BRDA:717,117,0,3
BRDA:717,117,1,3
BRDA:729,118,0,2
BRDA:729,118,1,0
BRDA:742,119,0,0
BRDA:742,119,1,0
BRDA:748,120,0,0
BRDA:748,120,1,0
BRDA:748,121,0,0
BRDA:748,121,1,0
BRDA:748,121,2,0
BRDA:758,122,0,0
BRDA:758,122,1,11
BRDA:762,123,0,0
BRDA:762,123,1,11
BRDA:766,124,0,4
BRDA:766,124,1,7
BRDA:770,125,0,7
BRDA:770,125,1,0
BRDA:771,126,0,1
BRDA:771,126,1,6
BRDA:786,127,0,0
BRDA:786,127,1,11
BRDA:804,128,0,0
BRDA:804,128,1,12
BRDA:818,129,0,0
BRDA:818,129,1,6
BRDA:818,130,0,6
BRDA:818,130,1,6
BRDA:826,131,0,6
BRDA:826,131,1,6
BRDA:827,132,0,6
BRDA:827,132,1,6
BRDA:829,133,0,12
BRDA:829,133,1,0
BRDA:834,134,0,1
BRDA:834,134,1,5
BRDA:845,135,0,0
BRDA:845,135,1,2
BRDA:855,136,0,1
BRDA:855,136,1,0
BRDA:865,137,0,0
BRDA:865,137,1,1
BRDA:871,138,0,1
BRDA:871,138,1,0
BRDA:871,139,0,1
BRDA:871,139,1,0
BRDA:873,140,0,0
BRDA:873,140,1,0
BRDA:873,141,0,0
BRDA:873,141,1,0
BRDA:875,142,0,0
BRDA:875,142,1,0
BRDA:877,143,0,0
BRDA:877,143,1,0
BRDA:890,144,0,0
BRDA:890,144,1,2
BRDA:890,145,0,2
BRDA:890,145,1,2
BRDA:900,146,0,2
BRDA:900,146,1,1
BRDA:904,147,0,4
BRDA:904,147,1,0
BRDA:909,148,0,2
BRDA:909,148,1,0
BRDA:923,149,0,0
BRDA:923,149,1,2
BRDA:927,150,0,1
BRDA:927,150,1,1
BRDA:936,151,0,0
BRDA:936,151,1,2
BRDA:940,152,0,0
BRDA:940,152,1,2
BRDA:944,153,0,0
BRDA:944,153,1,2
BRDA:948,154,0,2
BRDA:948,154,1,0
BRDA:949,155,0,2
BRDA:949,155,1,0
BRDA:966,156,0,4
BRDA:966,156,1,0
BRDA:966,156,2,0
BRDA:981,157,0,0
BRDA:981,157,1,0
BRDA:981,158,0,0
BRDA:981,158,1,0
BRDA:992,159,0,0
BRDA:992,159,1,2
BRDA:996,160,0,2
BRDA:996,160,1,0
BRDA:1004,161,0,2
BRDA:1004,161,1,0
BRDA:1006,162,0,2
BRDA:1006,162,1,0
BRDA:1012,163,0,3
BRDA:1012,163,1,0
BRDA:1015,164,0,3
BRDA:1015,164,1,0
BRDA:1021,165,0,1
BRDA:1021,165,1,0
BRDA:1035,166,0,0
BRDA:1035,166,1,1
BRDA:1035,167,0,1
BRDA:1035,167,1,1
BRDA:1035,167,2,1
BRDA:1041,168,0,0
BRDA:1041,168,1,1
BRDA:1041,169,0,1
BRDA:1041,169,1,1
BRDA:1054,170,0,1
BRDA:1054,170,1,0
BRDA:1056,171,0,1
BRDA:1056,171,1,0
BRDA:1056,171,2,0
BRDA:1063,172,0,0
BRDA:1063,172,1,1
BRDA:1069,173,0,0
BRDA:1069,173,1,1
BRDA:1069,174,0,1
BRDA:1069,174,1,1
BRDA:1075,175,0,1
BRDA:1075,175,1,0
BRDA:1082,176,0,0
BRDA:1082,176,1,0
BRDA:1094,177,0,0
BRDA:1094,177,1,1
BRDA:1100,178,0,0
BRDA:1100,178,1,1
BRDA:1100,179,0,1
BRDA:1100,179,1,1
BRDA:1110,180,0,1
BRDA:1110,180,1,0
BRDA:1110,181,0,1
BRDA:1110,181,1,0
BRDA:1113,182,0,1
BRDA:1113,182,1,0
BRDA:1128,183,0,0
BRDA:1128,183,1,1
BRDA:1132,184,0,1
BRDA:1132,184,1,0
BRDA:1133,185,0,1
BRDA:1133,185,1,0
BRDA:1134,186,0,0
BRDA:1134,186,1,0
BRDA:1139,187,0,1
BRDA:1139,187,1,0
BRDA:1144,188,0,0
BRDA:1144,188,1,1
BRDA:1164,189,0,0
BRDA:1164,189,1,8
BRDA:1168,190,0,0
BRDA:1168,190,1,8
BRDA:1172,191,0,0
BRDA:1172,191,1,8
BRDA:1176,192,0,0
BRDA:1176,192,1,8
BRDA:1180,193,0,2
BRDA:1180,193,1,6
BRDA:1184,194,0,6
BRDA:1184,194,1,0
BRDA:1188,195,0,6
BRDA:1188,195,1,0
BRDA:1192,196,0,1
BRDA:1192,196,1,1
BRDA:1198,197,0,0
BRDA:1198,197,1,2
BRDA:1202,198,0,0
BRDA:1202,198,1,2
BRDA:1209,199,0,1
BRDA:1209,199,1,1
BRDA:1222,200,0,1
BRDA:1222,200,1,5
BRDA:1226,201,0,5
BRDA:1226,201,1,0
BRDA:1240,202,0,0
BRDA:1240,202,1,6
BRDA:1248,203,0,7
BRDA:1248,203,1,8
BRDA:1249,204,0,3
BRDA:1249,204,1,12
BRDA:1250,205,0,15
BRDA:1250,205,1,12
BRDA:1261,206,0,0
BRDA:1261,206,1,1
BRDA:1274,207,0,0
BRDA:1274,207,1,2
BRDA:1274,208,0,2
BRDA:1274,208,1,2
BRDA:1281,209,0,0
BRDA:1281,209,1,0
BRDA:1295,210,0,0
BRDA:1295,210,1,0
BRDA:1299,211,0,0
BRDA:1299,211,1,0
BRDA:1307,212,0,0
BRDA:1307,212,1,2
BRDA:1307,213,0,2
BRDA:1307,213,1,2
BRDA:1307,213,2,2
BRDA:1320,214,0,2
BRDA:1320,214,1,0
BRDA:1329,215,0,0
BRDA:1329,215,1,1
BRDA:1333,216,0,1
BRDA:1333,216,1,0
BRDA:1338,217,0,0
BRDA:1338,217,1,0
BRDA:1345,218,0,4
BRDA:1345,218,1,0
BRDA:1347,219,0,0
BRDA:1347,219,1,4
BRDA:1351,220,0,1
BRDA:1351,220,1,3
BRDA:1357,221,0,1
BRDA:1357,221,1,2
BRDA:1358,222,0,1
BRDA:1358,222,1,0
BRDA:1358,223,0,1
BRDA:1358,223,1,0
BRDA:1358,223,2,0
BRDA:1370,224,0,0
BRDA:1370,224,1,2
BRDA:1374,225,0,1
BRDA:1374,225,1,1
BRDA:1377,226,0,0
BRDA:1377,226,1,1
BRDA:1380,227,0,0
BRDA:1380,227,1,1
BRDA:1383,228,0,0
BRDA:1383,228,1,1
BRDA:1386,229,0,1
BRDA:1386,229,1,0
BRDA:1386,230,0,1
BRDA:1386,230,1,0
BRDA:1394,231,0,0
BRDA:1394,231,1,1
BRDA:1416,232,0,0
BRDA:1416,232,1,2
BRDA:1416,233,0,2
BRDA:1416,233,1,2
BRDA:1420,234,0,0
BRDA:1420,234,1,2
BRDA:1429,235,0,2
BRDA:1429,235,1,0
BRDA:1429,235,2,0
BRDA:1450,236,0,1
BRDA:1450,236,1,1
BRDA:1456,237,0,0
BRDA:1456,237,1,2
BRDA:1476,238,0,0
BRDA:1476,238,1,2
BRDA:1503,239,0,0
BRDA:1503,239,1,4
BRDA:1507,240,0,0
BRDA:1507,240,1,4
BRDA:1511,241,0,4
BRDA:1511,241,1,0
BRDA:1515,242,0,0
BRDA:1515,242,1,0
BRDA:1516,243,0,0
BRDA:1516,243,1,0
BRDA:1529,244,0,16
BRDA:1529,244,1,12
BRDA:1529,245,0,28
BRDA:1529,245,1,20
BRDA:1534,246,0,2
BRDA:1534,246,1,0
BRDA:1534,246,2,0
BRDA:1537,247,0,2
BRDA:1537,247,1,0
BRDA:1539,248,0,0
BRDA:1539,248,1,0
BRDA:1542,249,0,3
BRDA:1542,249,1,3
BRDA:1544,250,0,2
BRDA:1544,250,1,0
BRDA:1548,251,0,2
BRDA:1548,251,1,0
BRDA:1549,252,0,2
BRDA:1549,252,1,0
BRDA:1556,253,0,0
BRDA:1556,253,1,0
BRDA:1560,254,0,2
BRDA:1560,254,1,3
BRDA:1568,255,0,3
BRDA:1568,255,1,0
BRDA:1578,256,0,0
BRDA:1578,256,1,4
BRDA:1578,257,0,4
BRDA:1578,257,1,0
BRDA:1579,258,0,4
BRDA:1579,258,1,0
BRDA:1593,259,0,2
BRDA:1593,259,1,4
BRDA:1598,260,0,4
BRDA:1598,260,1,0
BRDA:1598,261,0,4
BRDA:1598,261,1,4
BRDA:1603,262,0,0
BRDA:1603,262,1,8
BRDA:1611,263,0,4
BRDA:1611,263,1,0
BRDA:1614,264,0,0
BRDA:1614,264,1,4
BRDA:1622,265,0,0
BRDA:1622,265,1,6
BRDA:1624,266,0,6
BRDA:1624,266,1,0
BRDA:1633,267,0,5
BRDA:1633,267,1,0
BRDA:1647,268,0,0
BRDA:1647,268,1,0
BRDA:1655,269,0,0
BRDA:1655,269,1,0
BRDA:1676,270,0,5
BRDA:1676,270,1,0
BRDA:1694,271,0,0
BRDA:1694,271,1,11
BRDA:1710,272,0,5
BRDA:1710,272,1,6
BRDA:1737,273,0,5
BRDA:1737,273,1,0
BRDA:1744,274,0,0
BRDA:1744,274,1,1
BRDA:1748,275,0,1
BRDA:1748,275,1,0
BRDA:1763,276,0,5
BRDA:1763,276,1,0
BRDA:1764,277,0,5
BRDA:1764,277,1,0
BRDA:1766,278,0,0
BRDA:1766,278,1,5
BRDA:1766,279,0,5
BRDA:1766,279,1,5
BRDA:1778,280,0,0
BRDA:1778,280,1,4
BRDA:1807,281,0,1
BRDA:1807,281,1,0
BRDA:1809,282,0,0
BRDA:1809,282,1,1
BRDA:1819,283,0,1
BRDA:1819,283,1,0
BRDA:1821,284,0,0
BRDA:1821,284,1,1
BRDA:1834,285,0,0
BRDA:1834,285,1,0
BRDA:1836,286,0,0
BRDA:1836,286,1,0
BRDA:1836,287,0,0
BRDA:1836,287,1,0
BRDA:1836,287,2,0
BRDA:1842,288,0,0
BRDA:1842,288,1,0
BRDA:1844,289,0,0
BRDA:1844,289,1,0
BRDA:1846,290,0,0
BRDA:1846,290,1,0
BRDA:1852,291,0,1
BRDA:1852,291,1,0
BRDA:1860,292,0,0
BRDA:1860,292,1,2
BRDA:1864,293,0,2
BRDA:1864,293,1,0
BRDA:1869,294,0,2
BRDA:1869,294,1,0
BRDA:1873,295,0,2
BRDA:1873,295,1,2
BRDA:1879,296,0,0
BRDA:1879,296,1,2
BRDA:1882,297,0,0
BRDA:1882,297,1,0
BRDA:1882,298,0,0
BRDA:1882,298,1,0
BRDA:1894,299,0,2
BRDA:1894,299,1,0
BRDA:1938,300,0,1
BRDA:1938,300,1,13
BRDA:1938,301,0,14
BRDA:1938,301,1,1
BRDA:1938,301,2,1
BRDA:1940,302,0,1
BRDA:1940,302,1,1
BRDA:1943,303,0,0
BRDA:1943,303,1,1
BRDA:1948,304,0,0
BRDA:1948,304,1,1
BRDA:1958,305,0,1
BRDA:1958,305,1,13
BRDA:1958,306,0,14
BRDA:1958,306,1,1
BRDA:1964,307,0,1
BRDA:1964,307,1,13
BRDA:1964,308,0,14
BRDA:1964,308,1,1
BRDA:1964,308,2,1
BRDA:1967,309,0,0
BRDA:1967,309,1,0
BRDA:1977,310,0,1
BRDA:1977,310,1,13
BRDA:1977,311,0,14
BRDA:1977,311,1,1
BRDA:1977,311,2,1
BRDA:1980,312,0,0
BRDA:1980,312,1,0
BRDA:1990,313,0,1
BRDA:1990,313,1,13
BRDA:1990,314,0,14
BRDA:1990,314,1,1
BRDA:1990,314,2,1
BRDA:1993,315,0,0
BRDA:1993,315,1,0
BRDA:1998,316,0,0
BRDA:1998,316,1,0
BRDA:2003,317,0,0
BRDA:2003,317,1,0
BRDA:2013,318,0,1
BRDA:2013,318,1,13
BRDA:2013,319,0,14
BRDA:2013,319,1,1
BRDA:2013,319,2,1
BRDA:2021,320,0,1
BRDA:2021,320,1,13
BRDA:2021,321,0,14
BRDA:2021,321,1,1
BRDA:2021,321,2,1
BRDA:2024,322,0,0
BRDA:2024,322,1,0
BRDA:2029,323,0,0
BRDA:2029,323,1,0
BRDA:2034,324,0,0
BRDA:2034,324,1,0
BRDA:2044,325,0,1
BRDA:2044,325,1,13
BRDA:2044,326,0,14
BRDA:2044,326,1,1
BRDA:2044,326,2,1
BRDA:2047,327,0,0
BRDA:2047,327,1,0
BRDA:2052,328,0,0
BRDA:2052,328,1,0
BRDA:2057,329,0,0
BRDA:2057,329,1,0
BRF:680
BRH:371
end_of_record
